{"C:\\Users\\Flávio\\Documents\\Spotcin\\backend\\src\\app.ts": {"path":"C:\\Users\\Flávio\\Documents\\Spotcin\\backend\\src\\app.ts","statementMap":{"0":{"start":{"line":1,"column":0},"end":{"line":1,"column":30}},"1":{"start":{"line":2,"column":0},"end":{"line":2,"column":30}},"2":{"start":{"line":3,"column":0},"end":{"line":3,"column":24}},"3":{"start":{"line":4,"column":0},"end":{"line":4,"column":30}},"4":{"start":{"line":5,"column":0},"end":{"line":5,"column":41}},"5":{"start":{"line":7,"column":0},"end":{"line":7,"column":47}},"6":{"start":{"line":8,"column":0},"end":{"line":8,"column":34}},"7":{"start":{"line":10,"column":29},"end":{"line":10,"column":38}},"8":{"start":{"line":11,"column":0},"end":{"line":11,"column":24}},"9":{"start":{"line":13,"column":0},"end":{"line":17,"column":2}},"10":{"start":{"line":19,"column":0},"end":{"line":19,"column":17}},"11":{"start":{"line":21,"column":0},"end":{"line":38,"column":2}},"12":{"start":{"line":28,"column":4},"end":{"line":30,"column":5}},"13":{"start":{"line":29,"column":6},"end":{"line":29,"column":37}},"14":{"start":{"line":32,"column":4},"end":{"line":36,"column":19}},"15":{"start":{"line":41,"column":0},"end":{"line":41,"column":16}},"16":{"start":{"line":43,"column":0},"end":{"line":43,"column":19}}},"fnMap":{"0":{"name":"(anonymous_1)","decl":{"start":{"line":22,"column":2},"end":{"line":22,"column":null}},"loc":{"start":{"line":27,"column":6},"end":{"line":37,"column":3}}}},"branchMap":{"0":{"loc":{"start":{"line":28,"column":4},"end":{"line":30,"column":5}},"type":"if","locations":[{"start":{"line":28,"column":4},"end":{"line":30,"column":5}}]},"1":{"loc":{"start":{"line":33,"column":11},"end":{"line":33,"column":37}},"type":"cond-expr","locations":[{"start":{"line":33,"column":20},"end":{"line":33,"column":24}},{"start":{"line":33,"column":24},"end":{"line":33,"column":37}}]},"2":{"loc":{"start":{"line":33,"column":11},"end":{"line":33,"column":24}},"type":"binary-expr","locations":[{"start":{"line":33,"column":11},"end":{"line":33,"column":24}},{"start":{"line":33,"column":20},"end":{"line":33,"column":24}}]}},"s":{"0":3,"1":3,"2":3,"3":3,"4":3,"5":3,"6":3,"7":3,"8":3,"9":3,"10":3,"11":3,"12":7,"13":2,"14":7,"15":3,"16":3},"f":{"0":7},"b":{"0":[2],"1":[7,0],"2":[7,7]}}
,"C:\\Users\\Flávio\\Documents\\Spotcin\\backend\\src\\logger.ts": {"path":"C:\\Users\\Flávio\\Documents\\Spotcin\\backend\\src\\logger.ts","statementMap":{"0":{"start":{"line":1,"column":0},"end":{"line":1,"column":24}},"1":{"start":{"line":3,"column":15},"end":{"line":7,"column":null}},"2":{"start":{"line":10,"column":0},"end":{"line":10,"column":22}}},"fnMap":{},"branchMap":{"0":{"loc":{"start":{"line":5,"column":11},"end":{"line":5,"column":56}},"type":"cond-expr","locations":[{"start":{"line":5,"column":40},"end":{"line":5,"column":46}},{"start":{"line":5,"column":49},"end":{"line":5,"column":56}}]}},"s":{"0":3,"1":3,"2":3},"f":{},"b":{"0":[0,3]}}
,"C:\\Users\\Flávio\\Documents\\Spotcin\\backend\\src\\controllers\\login.controller.ts": {"path":"C:\\Users\\Flávio\\Documents\\Spotcin\\backend\\src\\controllers\\login.controller.ts","statementMap":{"0":{"start":{"line":2,"column":0},"end":{"line":2,"column":71}},"1":{"start":{"line":4,"column":0},"end":{"line":4,"column":51}},"2":{"start":{"line":7,"column":10},"end":{"line":7,"column":36}},"3":{"start":{"line":12,"column":4},"end":{"line":12,"column":25}},"4":{"start":{"line":13,"column":4},"end":{"line":13,"column":37}},"5":{"start":{"line":14,"column":4},"end":{"line":14,"column":22}},"6":{"start":{"line":18,"column":4},"end":{"line":18,"column":64}},"7":{"start":{"line":22,"column":32},"end":{"line":22,"column":40}},"8":{"start":{"line":23,"column":17},"end":{"line":23,"column":53}},"9":{"start":{"line":25,"column":4},"end":{"line":29,"column":5}},"10":{"start":{"line":26,"column":6},"end":{"line":28,"column":21}},"11":{"start":{"line":31,"column":21},"end":{"line":31,"column":56}},"12":{"start":{"line":33,"column":6},"end":{"line":38,"column":7}},"13":{"start":{"line":34,"column":8},"end":{"line":37,"column":23}},"14":{"start":{"line":47,"column":0},"end":{"line":47,"column":30}}},"fnMap":{"0":{"name":"(anonymous_8)","decl":{"start":{"line":11,"column":2},"end":{"line":11,"column":14}},"loc":{"start":{"line":11,"column":56},"end":{"line":15,"column":3}}},"1":{"name":"(anonymous_9)","decl":{"start":{"line":17,"column":10},"end":{"line":17,"column":20}},"loc":{"start":{"line":17,"column":20},"end":{"line":19,"column":3}}},"2":{"name":"(anonymous_10)","decl":{"start":{"line":21,"column":16},"end":{"line":21,"column":28}},"loc":{"start":{"line":21,"column":56},"end":{"line":39,"column":null}}}},"branchMap":{"0":{"loc":{"start":{"line":25,"column":4},"end":{"line":29,"column":5}},"type":"if","locations":[{"start":{"line":25,"column":4},"end":{"line":29,"column":5}}]},"1":{"loc":{"start":{"line":25,"column":8},"end":{"line":25,"column":27}},"type":"binary-expr","locations":[{"start":{"line":25,"column":8},"end":{"line":25,"column":14}},{"start":{"line":25,"column":18},"end":{"line":25,"column":27}}]},"2":{"loc":{"start":{"line":33,"column":6},"end":{"line":38,"column":7}},"type":"if","locations":[{"start":{"line":33,"column":6},"end":{"line":38,"column":7}}]}},"s":{"0":3,"1":3,"2":3,"3":3,"4":3,"5":3,"6":3,"7":3,"8":3,"9":3,"10":1,"11":2,"12":1,"13":1,"14":3},"f":{"0":3,"1":3,"2":3},"b":{"0":[1],"1":[3,3],"2":[1]}}
,"C:\\Users\\Flávio\\Documents\\Spotcin\\backend\\src\\controllers\\playlist.controller.ts": {"path":"C:\\Users\\Flávio\\Documents\\Spotcin\\backend\\src\\controllers\\playlist.controller.ts","statementMap":{"0":{"start":{"line":2,"column":0},"end":{"line":2,"column":56}},"1":{"start":{"line":4,"column":0},"end":{"line":4,"column":57}},"2":{"start":{"line":7,"column":12},"end":{"line":7,"column":42}},"3":{"start":{"line":12,"column":6},"end":{"line":12,"column":27}},"4":{"start":{"line":13,"column":6},"end":{"line":13,"column":45}},"5":{"start":{"line":14,"column":6},"end":{"line":14,"column":24}},"6":{"start":{"line":18,"column":8},"end":{"line":20,"column":10}},"7":{"start":{"line":19,"column":12},"end":{"line":19,"column":39}},"8":{"start":{"line":22,"column":8},"end":{"line":24,"column":10}},"9":{"start":{"line":23,"column":12},"end":{"line":23,"column":42}},"10":{"start":{"line":26,"column":8},"end":{"line":28,"column":10}},"11":{"start":{"line":27,"column":12},"end":{"line":27,"column":41}},"12":{"start":{"line":30,"column":8},"end":{"line":32,"column":10}},"13":{"start":{"line":31,"column":12},"end":{"line":31,"column":49}},"14":{"start":{"line":34,"column":8},"end":{"line":36,"column":10}},"15":{"start":{"line":35,"column":12},"end":{"line":35,"column":45}},"16":{"start":{"line":38,"column":8},"end":{"line":40,"column":10}},"17":{"start":{"line":39,"column":12},"end":{"line":39,"column":45}},"18":{"start":{"line":42,"column":8},"end":{"line":44,"column":10}},"19":{"start":{"line":43,"column":12},"end":{"line":43,"column":52}},"20":{"start":{"line":49,"column":26},"end":{"line":49,"column":67}},"21":{"start":{"line":50,"column":8},"end":{"line":53,"column":23}},"22":{"start":{"line":57,"column":25},"end":{"line":57,"column":82}},"23":{"start":{"line":59,"column":8},"end":{"line":62,"column":23}},"24":{"start":{"line":66,"column":8},"end":{"line":66,"column":69}},"25":{"start":{"line":68,"column":8},"end":{"line":70,"column":23}},"26":{"start":{"line":74,"column":28},"end":{"line":74,"column":85}},"27":{"start":{"line":75,"column":8},"end":{"line":75,"column":43}},"28":{"start":{"line":76,"column":25},"end":{"line":76,"column":115}},"29":{"start":{"line":78,"column":8},"end":{"line":81,"column":23}},"30":{"start":{"line":85,"column":25},"end":{"line":85,"column":96}},"31":{"start":{"line":87,"column":8},"end":{"line":90,"column":23}},"32":{"start":{"line":94,"column":8},"end":{"line":94,"column":93}},"33":{"start":{"line":96,"column":8},"end":{"line":98,"column":23}},"34":{"start":{"line":102,"column":8},"end":{"line":102,"column":90}},"35":{"start":{"line":104,"column":8},"end":{"line":106,"column":23}},"36":{"start":{"line":110,"column":0},"end":{"line":110,"column":34}}},"fnMap":{"0":{"name":"(anonymous_8)","decl":{"start":{"line":11,"column":4},"end":{"line":11,"column":16}},"loc":{"start":{"line":11,"column":64},"end":{"line":15,"column":5}}},"1":{"name":"(anonymous_9)","decl":{"start":{"line":17,"column":12},"end":{"line":17,"column":22}},"loc":{"start":{"line":17,"column":22},"end":{"line":46,"column":5}}},"2":{"name":"(anonymous_10)","decl":{"start":{"line":18,"column":37},"end":{"line":18,"column":38}},"loc":{"start":{"line":19,"column":12},"end":{"line":19,"column":39}}},"3":{"name":"(anonymous_11)","decl":{"start":{"line":22,"column":46},"end":{"line":22,"column":47}},"loc":{"start":{"line":23,"column":12},"end":{"line":23,"column":42}}},"4":{"name":"(anonymous_12)","decl":{"start":{"line":26,"column":38},"end":{"line":26,"column":39}},"loc":{"start":{"line":27,"column":12},"end":{"line":27,"column":41}}},"5":{"name":"(anonymous_13)","decl":{"start":{"line":30,"column":59},"end":{"line":30,"column":60}},"loc":{"start":{"line":31,"column":12},"end":{"line":31,"column":49}}},"6":{"name":"(anonymous_14)","decl":{"start":{"line":34,"column":46},"end":{"line":34,"column":47}},"loc":{"start":{"line":35,"column":12},"end":{"line":35,"column":45}}},"7":{"name":"(anonymous_15)","decl":{"start":{"line":38,"column":49},"end":{"line":38,"column":50}},"loc":{"start":{"line":39,"column":12},"end":{"line":39,"column":45}}},"8":{"name":"(anonymous_16)","decl":{"start":{"line":42,"column":61},"end":{"line":42,"column":62}},"loc":{"start":{"line":43,"column":12},"end":{"line":43,"column":52}}},"9":{"name":"(anonymous_17)","decl":{"start":{"line":48,"column":17},"end":{"line":48,"column":29}},"loc":{"start":{"line":48,"column":57},"end":{"line":54,"column":null}}},"10":{"name":"(anonymous_19)","decl":{"start":{"line":56,"column":17},"end":{"line":56,"column":32}},"loc":{"start":{"line":56,"column":60},"end":{"line":63,"column":null}}},"11":{"name":"(anonymous_21)","decl":{"start":{"line":65,"column":17},"end":{"line":65,"column":35}},"loc":{"start":{"line":65,"column":63},"end":{"line":71,"column":null}}},"12":{"name":"(anonymous_23)","decl":{"start":{"line":73,"column":17},"end":{"line":73,"column":35}},"loc":{"start":{"line":73,"column":63},"end":{"line":82,"column":null}}},"13":{"name":"(anonymous_25)","decl":{"start":{"line":84,"column":17},"end":{"line":84,"column":31}},"loc":{"start":{"line":84,"column":59},"end":{"line":91,"column":null}}},"14":{"name":"(anonymous_27)","decl":{"start":{"line":93,"column":17},"end":{"line":93,"column":42}},"loc":{"start":{"line":93,"column":70},"end":{"line":99,"column":null}}},"15":{"name":"(anonymous_29)","decl":{"start":{"line":101,"column":17},"end":{"line":101,"column":39}},"loc":{"start":{"line":101,"column":67},"end":{"line":107,"column":null}}}},"branchMap":{},"s":{"0":3,"1":3,"2":3,"3":3,"4":3,"5":3,"6":3,"7":0,"8":3,"9":0,"10":3,"11":2,"12":3,"13":2,"14":3,"15":2,"16":3,"17":2,"18":3,"19":2,"20":0,"21":0,"22":0,"23":0,"24":2,"25":1,"26":2,"27":1,"28":1,"29":1,"30":2,"31":1,"32":2,"33":1,"34":2,"35":1,"36":3},"f":{"0":3,"1":3,"2":0,"3":0,"4":2,"5":2,"6":2,"7":2,"8":2,"9":0,"10":0,"11":2,"12":2,"13":2,"14":2,"15":2},"b":{}}
,"C:\\Users\\Flávio\\Documents\\Spotcin\\backend\\src\\controllers\\test.controller.ts": {"path":"C:\\Users\\Flávio\\Documents\\Spotcin\\backend\\src\\controllers\\test.controller.ts","statementMap":{"0":{"start":{"line":2,"column":0},"end":{"line":2,"column":56}},"1":{"start":{"line":4,"column":0},"end":{"line":4,"column":49}},"2":{"start":{"line":7,"column":10},"end":{"line":7,"column":36}},"3":{"start":{"line":12,"column":4},"end":{"line":12,"column":25}},"4":{"start":{"line":13,"column":4},"end":{"line":13,"column":35}},"5":{"start":{"line":14,"column":4},"end":{"line":14,"column":22}},"6":{"start":{"line":18,"column":4},"end":{"line":20,"column":6}},"7":{"start":{"line":19,"column":6},"end":{"line":19,"column":29}},"8":{"start":{"line":22,"column":4},"end":{"line":24,"column":6}},"9":{"start":{"line":23,"column":6},"end":{"line":23,"column":35}},"10":{"start":{"line":26,"column":4},"end":{"line":28,"column":6}},"11":{"start":{"line":27,"column":6},"end":{"line":27,"column":28}},"12":{"start":{"line":29,"column":4},"end":{"line":31,"column":6}},"13":{"start":{"line":30,"column":6},"end":{"line":30,"column":31}},"14":{"start":{"line":32,"column":4},"end":{"line":34,"column":6}},"15":{"start":{"line":33,"column":6},"end":{"line":33,"column":31}},"16":{"start":{"line":35,"column":4},"end":{"line":37,"column":6}},"17":{"start":{"line":36,"column":6},"end":{"line":36,"column":31}},"18":{"start":{"line":41,"column":18},"end":{"line":41,"column":51}},"19":{"start":{"line":43,"column":4},"end":{"line":46,"column":19}},"20":{"start":{"line":50,"column":18},"end":{"line":50,"column":56}},"21":{"start":{"line":52,"column":4},"end":{"line":55,"column":19}},"22":{"start":{"line":59,"column":17},"end":{"line":59,"column":62}},"23":{"start":{"line":61,"column":4},"end":{"line":64,"column":19}},"24":{"start":{"line":68,"column":17},"end":{"line":68,"column":76}},"25":{"start":{"line":70,"column":4},"end":{"line":73,"column":19}},"26":{"start":{"line":77,"column":17},"end":{"line":79,"column":null}},"27":{"start":{"line":82,"column":4},"end":{"line":85,"column":19}},"28":{"start":{"line":89,"column":4},"end":{"line":89,"column":53}},"29":{"start":{"line":91,"column":4},"end":{"line":93,"column":19}},"30":{"start":{"line":97,"column":0},"end":{"line":97,"column":30}}},"fnMap":{"0":{"name":"(anonymous_8)","decl":{"start":{"line":11,"column":2},"end":{"line":11,"column":14}},"loc":{"start":{"line":11,"column":54},"end":{"line":15,"column":3}}},"1":{"name":"(anonymous_9)","decl":{"start":{"line":17,"column":10},"end":{"line":17,"column":20}},"loc":{"start":{"line":17,"column":20},"end":{"line":38,"column":3}}},"2":{"name":"(anonymous_10)","decl":{"start":{"line":18,"column":33},"end":{"line":18,"column":34}},"loc":{"start":{"line":19,"column":6},"end":{"line":19,"column":29}}},"3":{"name":"(anonymous_11)","decl":{"start":{"line":22,"column":45},"end":{"line":22,"column":46}},"loc":{"start":{"line":23,"column":6},"end":{"line":23,"column":35}}},"4":{"name":"(anonymous_12)","decl":{"start":{"line":26,"column":42},"end":{"line":26,"column":43}},"loc":{"start":{"line":27,"column":6},"end":{"line":27,"column":28}}},"5":{"name":"(anonymous_13)","decl":{"start":{"line":29,"column":34},"end":{"line":29,"column":35}},"loc":{"start":{"line":30,"column":6},"end":{"line":30,"column":31}}},"6":{"name":"(anonymous_14)","decl":{"start":{"line":32,"column":42},"end":{"line":32,"column":43}},"loc":{"start":{"line":33,"column":6},"end":{"line":33,"column":31}}},"7":{"name":"(anonymous_15)","decl":{"start":{"line":35,"column":45},"end":{"line":35,"column":46}},"loc":{"start":{"line":36,"column":6},"end":{"line":36,"column":31}}},"8":{"name":"(anonymous_16)","decl":{"start":{"line":40,"column":16},"end":{"line":40,"column":24}},"loc":{"start":{"line":40,"column":52},"end":{"line":47,"column":null}}},"9":{"name":"(anonymous_18)","decl":{"start":{"line":49,"column":16},"end":{"line":49,"column":30}},"loc":{"start":{"line":49,"column":58},"end":{"line":56,"column":null}}},"10":{"name":"(anonymous_20)","decl":{"start":{"line":58,"column":16},"end":{"line":58,"column":23}},"loc":{"start":{"line":58,"column":51},"end":{"line":65,"column":null}}},"11":{"name":"(anonymous_22)","decl":{"start":{"line":67,"column":16},"end":{"line":67,"column":26}},"loc":{"start":{"line":67,"column":54},"end":{"line":74,"column":null}}},"12":{"name":"(anonymous_24)","decl":{"start":{"line":76,"column":16},"end":{"line":76,"column":26}},"loc":{"start":{"line":76,"column":54},"end":{"line":86,"column":null}}},"13":{"name":"(anonymous_26)","decl":{"start":{"line":88,"column":16},"end":{"line":88,"column":26}},"loc":{"start":{"line":88,"column":54},"end":{"line":94,"column":null}}}},"branchMap":{},"s":{"0":3,"1":3,"2":3,"3":3,"4":3,"5":3,"6":3,"7":0,"8":3,"9":0,"10":3,"11":0,"12":3,"13":0,"14":3,"15":0,"16":3,"17":0,"18":0,"19":0,"20":0,"21":0,"22":0,"23":0,"24":0,"25":0,"26":0,"27":0,"28":0,"29":0,"30":3},"f":{"0":3,"1":3,"2":0,"3":0,"4":0,"5":0,"6":0,"7":0,"8":0,"9":0,"10":0,"11":0,"12":0,"13":0},"b":{}}
,"C:\\Users\\Flávio\\Documents\\Spotcin\\backend\\src\\controllers\\user.controller.ts": {"path":"C:\\Users\\Flávio\\Documents\\Spotcin\\backend\\src\\controllers\\user.controller.ts","statementMap":{"0":{"start":{"line":2,"column":0},"end":{"line":2,"column":56}},"1":{"start":{"line":4,"column":0},"end":{"line":4,"column":49}},"2":{"start":{"line":7,"column":10},"end":{"line":7,"column":36}},"3":{"start":{"line":12,"column":4},"end":{"line":12,"column":25}},"4":{"start":{"line":13,"column":4},"end":{"line":13,"column":35}},"5":{"start":{"line":14,"column":4},"end":{"line":14,"column":22}},"6":{"start":{"line":18,"column":4},"end":{"line":18,"column":59}},"7":{"start":{"line":19,"column":4},"end":{"line":19,"column":67}},"8":{"start":{"line":20,"column":4},"end":{"line":20,"column":62}},"9":{"start":{"line":21,"column":4},"end":{"line":21,"column":70}},"10":{"start":{"line":22,"column":4},"end":{"line":22,"column":73}},"11":{"start":{"line":26,"column":18},"end":{"line":26,"column":51}},"12":{"start":{"line":28,"column":4},"end":{"line":31,"column":19}},"13":{"start":{"line":35,"column":17},"end":{"line":35,"column":66}},"14":{"start":{"line":36,"column":4},"end":{"line":38,"column":32}},"15":{"start":{"line":42,"column":17},"end":{"line":42,"column":76}},"16":{"start":{"line":43,"column":4},"end":{"line":45,"column":32}},"17":{"start":{"line":49,"column":17},"end":{"line":49,"column":91}},"18":{"start":{"line":50,"column":4},"end":{"line":52,"column":32}},"19":{"start":{"line":56,"column":4},"end":{"line":56,"column":53}},"20":{"start":{"line":57,"column":4},"end":{"line":59,"column":19}},"21":{"start":{"line":63,"column":0},"end":{"line":63,"column":30}}},"fnMap":{"0":{"name":"(anonymous_8)","decl":{"start":{"line":11,"column":2},"end":{"line":11,"column":14}},"loc":{"start":{"line":11,"column":54},"end":{"line":15,"column":3}}},"1":{"name":"(anonymous_9)","decl":{"start":{"line":17,"column":10},"end":{"line":17,"column":20}},"loc":{"start":{"line":17,"column":20},"end":{"line":23,"column":3}}},"2":{"name":"(anonymous_10)","decl":{"start":{"line":25,"column":16},"end":{"line":25,"column":24}},"loc":{"start":{"line":25,"column":52},"end":{"line":32,"column":null}}},"3":{"name":"(anonymous_12)","decl":{"start":{"line":34,"column":16},"end":{"line":34,"column":23}},"loc":{"start":{"line":34,"column":51},"end":{"line":39,"column":null}}},"4":{"name":"(anonymous_14)","decl":{"start":{"line":41,"column":16},"end":{"line":41,"column":26}},"loc":{"start":{"line":41,"column":54},"end":{"line":46,"column":null}}},"5":{"name":"(anonymous_16)","decl":{"start":{"line":48,"column":16},"end":{"line":48,"column":26}},"loc":{"start":{"line":48,"column":54},"end":{"line":53,"column":null}}},"6":{"name":"(anonymous_18)","decl":{"start":{"line":55,"column":16},"end":{"line":55,"column":26}},"loc":{"start":{"line":55,"column":54},"end":{"line":60,"column":null}}}},"branchMap":{},"s":{"0":3,"1":3,"2":3,"3":3,"4":3,"5":3,"6":3,"7":3,"8":3,"9":3,"10":3,"11":0,"12":0,"13":0,"14":0,"15":2,"16":1,"17":1,"18":1,"19":1,"20":1,"21":3},"f":{"0":3,"1":3,"2":0,"3":0,"4":2,"5":1,"6":1},"b":{}}
,"C:\\Users\\Flávio\\Documents\\Spotcin\\backend\\src\\database\\index.ts": {"path":"C:\\Users\\Flávio\\Documents\\Spotcin\\backend\\src\\database\\index.ts","statementMap":{"0":{"start":{"line":1,"column":0},"end":{"line":1,"column":49}},"1":{"start":{"line":8,"column":4},"end":{"line":8,"column":19}},"2":{"start":{"line":12,"column":4},"end":{"line":14,"column":5}},"3":{"start":{"line":13,"column":6},"end":{"line":13,"column":41}},"4":{"start":{"line":15,"column":4},"end":{"line":15,"column":29}},"5":{"start":{"line":19,"column":4},"end":{"line":19,"column":39}},"6":{"start":{"line":23,"column":4},"end":{"line":30,"column":6}},"7":{"start":{"line":3,"column":0},"end":{"line":3,"column":21}}},"fnMap":{"0":{"name":"(anonymous_1)","decl":{"start":{"line":7,"column":2},"end":{"line":7,"column":null}},"loc":{"start":{"line":7,"column":2},"end":{"line":9,"column":3}}},"1":{"name":"(anonymous_2)","decl":{"start":{"line":11,"column":2},"end":{"line":11,"column":8}},"loc":{"start":{"line":11,"column":20},"end":{"line":16,"column":3}}},"2":{"name":"(anonymous_3)","decl":{"start":{"line":18,"column":2},"end":{"line":18,"column":8}},"loc":{"start":{"line":18,"column":14},"end":{"line":20,"column":3}}},"3":{"name":"(anonymous_4)","decl":{"start":{"line":22,"column":2},"end":{"line":22,"column":8}},"loc":{"start":{"line":22,"column":13},"end":{"line":31,"column":3}}}},"branchMap":{"0":{"loc":{"start":{"line":12,"column":4},"end":{"line":14,"column":5}},"type":"if","locations":[{"start":{"line":12,"column":4},"end":{"line":14,"column":5}}]}},"s":{"0":3,"1":20,"2":15,"3":3,"4":15,"5":17,"6":3,"7":3},"f":{"0":20,"1":15,"2":17,"3":3},"b":{"0":[3]}}
,"C:\\Users\\Flávio\\Documents\\Spotcin\\backend\\src\\di\\index.ts": {"path":"C:\\Users\\Flávio\\Documents\\Spotcin\\backend\\src\\di\\index.ts","statementMap":{"0":{"start":{"line":1,"column":0},"end":{"line":1,"column":63}},"1":{"start":{"line":2,"column":0},"end":{"line":2,"column":61}},"2":{"start":{"line":3,"column":0},"end":{"line":3,"column":51}},"3":{"start":{"line":5,"column":0},"end":{"line":5,"column":69}},"4":{"start":{"line":6,"column":0},"end":{"line":6,"column":59}},"5":{"start":{"line":8,"column":0},"end":{"line":8,"column":34}},"6":{"start":{"line":9,"column":0},"end":{"line":9,"column":61}},"7":{"start":{"line":10,"column":0},"end":{"line":10,"column":51}},"8":{"start":{"line":11,"column":0},"end":{"line":11,"column":53}},"9":{"start":{"line":13,"column":13},"end":{"line":13,"column":33}},"10":{"start":{"line":16,"column":0},"end":{"line":16,"column":60}},"11":{"start":{"line":17,"column":0},"end":{"line":17,"column":62}},"12":{"start":{"line":18,"column":0},"end":{"line":23,"column":5}},"13":{"start":{"line":27,"column":0},"end":{"line":27,"column":60}},"14":{"start":{"line":28,"column":0},"end":{"line":32,"column":5}},"15":{"start":{"line":35,"column":0},"end":{"line":38,"column":3}},"16":{"start":{"line":42,"column":0},"end":{"line":42,"column":68}},"17":{"start":{"line":43,"column":0},"end":{"line":43,"column":95}}},"fnMap":{},"branchMap":{},"s":{"0":3,"1":3,"2":3,"3":3,"4":3,"5":3,"6":3,"7":3,"8":3,"9":3,"10":3,"11":3,"12":3,"13":3,"14":3,"15":3,"16":3,"17":3},"f":{},"b":{}}
,"C:\\Users\\Flávio\\Documents\\Spotcin\\backend\\src\\di\\injector.ts": {"path":"C:\\Users\\Flávio\\Documents\\Spotcin\\backend\\src\\di\\injector.ts","statementMap":{"0":{"start":{"line":2,"column":10},"end":{"line":2,"column":51}},"1":{"start":{"line":3,"column":10},"end":{"line":3,"column":55}},"2":{"start":{"line":9,"column":4},"end":{"line":9,"column":44}},"3":{"start":{"line":13,"column":4},"end":{"line":13,"column":47}},"4":{"start":{"line":20,"column":4},"end":{"line":20,"column":54}},"5":{"start":{"line":24,"column":4},"end":{"line":24,"column":54}},"6":{"start":{"line":1,"column":0},"end":{"line":1,"column":21}}},"fnMap":{"0":{"name":"(anonymous_0)","decl":{"start":{"line":1,"column":0},"end":{"line":1,"column":21}},"loc":{"start":{"line":1,"column":0},"end":{"line":26,"column":1}}},"1":{"name":"(anonymous_1)","decl":{"start":{"line":5,"column":9},"end":{"line":5,"column":24}},"loc":{"start":{"line":7,"column":14},"end":{"line":10,"column":3}}},"2":{"name":"(anonymous_2)","decl":{"start":{"line":12,"column":9},"end":{"line":12,"column":19}},"loc":{"start":{"line":12,"column":61},"end":{"line":14,"column":3}}},"3":{"name":"(anonymous_3)","decl":{"start":{"line":16,"column":9},"end":{"line":16,"column":27}},"loc":{"start":{"line":18,"column":17},"end":{"line":21,"column":3}}},"4":{"name":"(anonymous_4)","decl":{"start":{"line":23,"column":9},"end":{"line":23,"column":22}},"loc":{"start":{"line":23,"column":67},"end":{"line":25,"column":3}}}},"branchMap":{},"s":{"0":3,"1":3,"2":12,"3":12,"4":12,"5":32,"6":3},"f":{"0":3,"1":12,"2":12,"3":12,"4":32},"b":{}}
,"C:\\Users\\Flávio\\Documents\\Spotcin\\backend\\src\\entities\\base.entity.ts": {"path":"C:\\Users\\Flávio\\Documents\\Spotcin\\backend\\src\\entities\\base.entity.ts","statementMap":{"0":{"start":{"line":5,"column":4},"end":{"line":5,"column":17}},"1":{"start":{"line":1,"column":0},"end":{"line":1,"column":21}}},"fnMap":{"0":{"name":"(anonymous_0)","decl":{"start":{"line":4,"column":2},"end":{"line":4,"column":14}},"loc":{"start":{"line":4,"column":24},"end":{"line":6,"column":3}}}},"branchMap":{},"s":{"0":16,"1":3},"f":{"0":16},"b":{}}
,"C:\\Users\\Flávio\\Documents\\Spotcin\\backend\\src\\entities\\login.entity.ts": {"path":"C:\\Users\\Flávio\\Documents\\Spotcin\\backend\\src\\entities\\login.entity.ts","statementMap":{"0":{"start":{"line":6,"column":4},"end":{"line":6,"column":34}},"1":{"start":{"line":7,"column":4},"end":{"line":7,"column":40}},"2":{"start":{"line":1,"column":0},"end":{"line":1,"column":21}}},"fnMap":{"0":{"name":"(anonymous_0)","decl":{"start":{"line":5,"column":2},"end":{"line":5,"column":14}},"loc":{"start":{"line":5,"column":40},"end":{"line":8,"column":3}}}},"branchMap":{"0":{"loc":{"start":{"line":6,"column":17},"end":{"line":6,"column":33}},"type":"binary-expr","locations":[{"start":{"line":6,"column":17},"end":{"line":6,"column":27}},{"start":{"line":6,"column":31},"end":{"line":6,"column":33}}]},"1":{"loc":{"start":{"line":7,"column":20},"end":{"line":7,"column":39}},"type":"binary-expr","locations":[{"start":{"line":7,"column":20},"end":{"line":7,"column":33}},{"start":{"line":7,"column":37},"end":{"line":7,"column":39}}]}},"s":{"0":3,"1":3,"2":3},"f":{"0":3},"b":{"0":[3,0],"1":[3,1]}}
,"C:\\Users\\Flávio\\Documents\\Spotcin\\backend\\src\\entities\\playlist.entity.ts": {"path":"C:\\Users\\Flávio\\Documents\\Spotcin\\backend\\src\\entities\\playlist.entity.ts","statementMap":{"0":{"start":{"line":1,"column":0},"end":{"line":1,"column":39}},"1":{"start":{"line":10,"column":8},"end":{"line":10,"column":29}},"2":{"start":{"line":11,"column":8},"end":{"line":11,"column":36}},"3":{"start":{"line":12,"column":8},"end":{"line":12,"column":50}},"4":{"start":{"line":13,"column":8},"end":{"line":13,"column":38}},"5":{"start":{"line":14,"column":8},"end":{"line":14,"column":48}},"6":{"start":{"line":19,"column":0},"end":{"line":19,"column":30}}},"fnMap":{"0":{"name":"(anonymous_1)","decl":{"start":{"line":9,"column":4},"end":{"line":9,"column":16}},"loc":{"start":{"line":9,"column":45},"end":{"line":15,"column":5}}}},"branchMap":{"0":{"loc":{"start":{"line":10,"column":14},"end":{"line":10,"column":27}},"type":"binary-expr","locations":[{"start":{"line":10,"column":14},"end":{"line":10,"column":21}},{"start":{"line":10,"column":25},"end":{"line":10,"column":27}}]},"1":{"loc":{"start":{"line":11,"column":20},"end":{"line":11,"column":35}},"type":"binary-expr","locations":[{"start":{"line":11,"column":20},"end":{"line":11,"column":29}},{"start":{"line":11,"column":33},"end":{"line":11,"column":35}}]},"2":{"loc":{"start":{"line":12,"column":27},"end":{"line":12,"column":49}},"type":"binary-expr","locations":[{"start":{"line":12,"column":27},"end":{"line":12,"column":43}},{"start":{"line":12,"column":47},"end":{"line":12,"column":49}}]},"3":{"loc":{"start":{"line":13,"column":21},"end":{"line":13,"column":37}},"type":"binary-expr","locations":[{"start":{"line":13,"column":21},"end":{"line":13,"column":31}},{"start":{"line":13,"column":35},"end":{"line":13,"column":37}}]},"4":{"loc":{"start":{"line":14,"column":26},"end":{"line":14,"column":47}},"type":"binary-expr","locations":[{"start":{"line":14,"column":26},"end":{"line":14,"column":41}},{"start":{"line":14,"column":45},"end":{"line":14,"column":47}}]}},"s":{"0":3,"1":9,"2":9,"3":9,"4":9,"5":9,"6":3},"f":{"0":9},"b":{"0":[9,3],"1":[9,1],"2":[9,7],"3":[9,6],"4":[9,9]}}
,"C:\\Users\\Flávio\\Documents\\Spotcin\\backend\\src\\entities\\test.entity.ts": {"path":"C:\\Users\\Flávio\\Documents\\Spotcin\\backend\\src\\entities\\test.entity.ts","statementMap":{"0":{"start":{"line":1,"column":0},"end":{"line":1,"column":39}},"1":{"start":{"line":7,"column":4},"end":{"line":7,"column":25}},"2":{"start":{"line":8,"column":4},"end":{"line":8,"column":26}},"3":{"start":{"line":3,"column":0},"end":{"line":3,"column":21}}},"fnMap":{"0":{"name":"(anonymous_1)","decl":{"start":{"line":6,"column":2},"end":{"line":6,"column":14}},"loc":{"start":{"line":6,"column":30},"end":{"line":9,"column":3}}}},"branchMap":{"0":{"loc":{"start":{"line":7,"column":10},"end":{"line":7,"column":23}},"type":"binary-expr","locations":[{"start":{"line":7,"column":10},"end":{"line":7,"column":17}},{"start":{"line":7,"column":21},"end":{"line":7,"column":23}}]}},"s":{"0":3,"1":3,"2":3,"3":3},"f":{"0":3},"b":{"0":[3,0]}}
,"C:\\Users\\Flávio\\Documents\\Spotcin\\backend\\src\\entities\\user.entity.ts": {"path":"C:\\Users\\Flávio\\Documents\\Spotcin\\backend\\src\\entities\\user.entity.ts","statementMap":{"0":{"start":{"line":1,"column":0},"end":{"line":1,"column":39}},"1":{"start":{"line":9,"column":4},"end":{"line":9,"column":25}},"2":{"start":{"line":10,"column":4},"end":{"line":10,"column":32}},"3":{"start":{"line":11,"column":4},"end":{"line":11,"column":34}},"4":{"start":{"line":12,"column":4},"end":{"line":12,"column":40}},"5":{"start":{"line":3,"column":0},"end":{"line":3,"column":21}}},"fnMap":{"0":{"name":"(anonymous_1)","decl":{"start":{"line":8,"column":2},"end":{"line":8,"column":14}},"loc":{"start":{"line":8,"column":39},"end":{"line":13,"column":3}}}},"branchMap":{"0":{"loc":{"start":{"line":9,"column":10},"end":{"line":9,"column":23}},"type":"binary-expr","locations":[{"start":{"line":9,"column":10},"end":{"line":9,"column":17}},{"start":{"line":9,"column":21},"end":{"line":9,"column":23}}]},"1":{"loc":{"start":{"line":10,"column":16},"end":{"line":10,"column":31}},"type":"binary-expr","locations":[{"start":{"line":10,"column":16},"end":{"line":10,"column":25}},{"start":{"line":10,"column":29},"end":{"line":10,"column":31}}]},"2":{"loc":{"start":{"line":11,"column":17},"end":{"line":11,"column":33}},"type":"binary-expr","locations":[{"start":{"line":11,"column":17},"end":{"line":11,"column":27}},{"start":{"line":11,"column":31},"end":{"line":11,"column":33}}]},"3":{"loc":{"start":{"line":12,"column":20},"end":{"line":12,"column":39}},"type":"binary-expr","locations":[{"start":{"line":12,"column":20},"end":{"line":12,"column":33}},{"start":{"line":12,"column":37},"end":{"line":12,"column":39}}]}},"s":{"0":3,"1":4,"2":4,"3":4,"4":4,"5":3},"f":{"0":4},"b":{"0":[4,4],"1":[4,0],"2":[4,0],"3":[4,0]}}
,"C:\\Users\\Flávio\\Documents\\Spotcin\\backend\\src\\models\\base.model.ts": {"path":"C:\\Users\\Flávio\\Documents\\Spotcin\\backend\\src\\models\\base.model.ts","statementMap":{"0":{"start":{"line":5,"column":4},"end":{"line":5,"column":17}},"1":{"start":{"line":1,"column":0},"end":{"line":1,"column":21}}},"fnMap":{"0":{"name":"(anonymous_0)","decl":{"start":{"line":4,"column":2},"end":{"line":4,"column":14}},"loc":{"start":{"line":4,"column":24},"end":{"line":6,"column":3}}}},"branchMap":{},"s":{"0":3,"1":3},"f":{"0":3},"b":{}}
,"C:\\Users\\Flávio\\Documents\\Spotcin\\backend\\src\\models\\login.model.ts": {"path":"C:\\Users\\Flávio\\Documents\\Spotcin\\backend\\src\\models\\login.model.ts","statementMap":{"0":{"start":{"line":6,"column":4},"end":{"line":6,"column":34}},"1":{"start":{"line":7,"column":4},"end":{"line":7,"column":40}},"2":{"start":{"line":1,"column":0},"end":{"line":1,"column":21}}},"fnMap":{"0":{"name":"(anonymous_0)","decl":{"start":{"line":5,"column":2},"end":{"line":5,"column":14}},"loc":{"start":{"line":5,"column":39},"end":{"line":8,"column":3}}}},"branchMap":{"0":{"loc":{"start":{"line":6,"column":17},"end":{"line":6,"column":33}},"type":"binary-expr","locations":[{"start":{"line":6,"column":17},"end":{"line":6,"column":27}},{"start":{"line":6,"column":31},"end":{"line":6,"column":33}}]},"1":{"loc":{"start":{"line":7,"column":20},"end":{"line":7,"column":39}},"type":"binary-expr","locations":[{"start":{"line":7,"column":20},"end":{"line":7,"column":33}},{"start":{"line":7,"column":37},"end":{"line":7,"column":39}}]}},"s":{"0":1,"1":1,"2":3},"f":{"0":1},"b":{"0":[1,0],"1":[1,0]}}
,"C:\\Users\\Flávio\\Documents\\Spotcin\\backend\\src\\models\\playlist.model.ts": {"path":"C:\\Users\\Flávio\\Documents\\Spotcin\\backend\\src\\models\\playlist.model.ts","statementMap":{"0":{"start":{"line":1,"column":0},"end":{"line":1,"column":37}},"1":{"start":{"line":22,"column":4},"end":{"line":22,"column":14}},"2":{"start":{"line":23,"column":4},"end":{"line":23,"column":21}},"3":{"start":{"line":24,"column":4},"end":{"line":24,"column":35}},"4":{"start":{"line":25,"column":4},"end":{"line":25,"column":23}},"5":{"start":{"line":26,"column":4},"end":{"line":26,"column":33}},"6":{"start":{"line":30,"column":0},"end":{"line":30,"column":29}}},"fnMap":{"0":{"name":"(anonymous_1)","decl":{"start":{"line":9,"column":2},"end":{"line":9,"column":14}},"loc":{"start":{"line":21,"column":3},"end":{"line":27,"column":3}}}},"branchMap":{},"s":{"0":3,"1":3,"2":3,"3":3,"4":3,"5":3,"6":3},"f":{"0":3},"b":{}}
,"C:\\Users\\Flávio\\Documents\\Spotcin\\backend\\src\\models\\test.model.ts": {"path":"C:\\Users\\Flávio\\Documents\\Spotcin\\backend\\src\\models\\test.model.ts","statementMap":{"0":{"start":{"line":1,"column":0},"end":{"line":1,"column":37}},"1":{"start":{"line":7,"column":4},"end":{"line":7,"column":25}},"2":{"start":{"line":8,"column":4},"end":{"line":8,"column":26}},"3":{"start":{"line":3,"column":0},"end":{"line":3,"column":21}}},"fnMap":{"0":{"name":"(anonymous_1)","decl":{"start":{"line":6,"column":2},"end":{"line":6,"column":14}},"loc":{"start":{"line":6,"column":29},"end":{"line":9,"column":3}}}},"branchMap":{"0":{"loc":{"start":{"line":7,"column":10},"end":{"line":7,"column":23}},"type":"binary-expr","locations":[{"start":{"line":7,"column":10},"end":{"line":7,"column":17}},{"start":{"line":7,"column":21},"end":{"line":7,"column":23}}]}},"s":{"0":3,"1":0,"2":0,"3":3},"f":{"0":0},"b":{"0":[0,0]}}
,"C:\\Users\\Flávio\\Documents\\Spotcin\\backend\\src\\models\\user.model.ts": {"path":"C:\\Users\\Flávio\\Documents\\Spotcin\\backend\\src\\models\\user.model.ts","statementMap":{"0":{"start":{"line":1,"column":0},"end":{"line":1,"column":37}},"1":{"start":{"line":9,"column":4},"end":{"line":9,"column":25}},"2":{"start":{"line":10,"column":4},"end":{"line":10,"column":32}},"3":{"start":{"line":11,"column":4},"end":{"line":11,"column":34}},"4":{"start":{"line":12,"column":4},"end":{"line":12,"column":40}},"5":{"start":{"line":3,"column":0},"end":{"line":3,"column":21}}},"fnMap":{"0":{"name":"(anonymous_1)","decl":{"start":{"line":8,"column":2},"end":{"line":8,"column":14}},"loc":{"start":{"line":8,"column":38},"end":{"line":13,"column":3}}}},"branchMap":{"0":{"loc":{"start":{"line":9,"column":10},"end":{"line":9,"column":23}},"type":"binary-expr","locations":[{"start":{"line":9,"column":10},"end":{"line":9,"column":17}},{"start":{"line":9,"column":21},"end":{"line":9,"column":23}}]},"1":{"loc":{"start":{"line":10,"column":16},"end":{"line":10,"column":31}},"type":"binary-expr","locations":[{"start":{"line":10,"column":16},"end":{"line":10,"column":25}},{"start":{"line":10,"column":29},"end":{"line":10,"column":31}}]},"2":{"loc":{"start":{"line":11,"column":17},"end":{"line":11,"column":33}},"type":"binary-expr","locations":[{"start":{"line":11,"column":17},"end":{"line":11,"column":27}},{"start":{"line":11,"column":31},"end":{"line":11,"column":33}}]},"3":{"loc":{"start":{"line":12,"column":20},"end":{"line":12,"column":39}},"type":"binary-expr","locations":[{"start":{"line":12,"column":20},"end":{"line":12,"column":33}},{"start":{"line":12,"column":37},"end":{"line":12,"column":39}}]}},"s":{"0":3,"1":0,"2":0,"3":0,"4":0,"5":3},"f":{"0":0},"b":{"0":[0,0],"1":[0,0],"2":[0,0],"3":[0,0]}}
,"C:\\Users\\Flávio\\Documents\\Spotcin\\backend\\src\\repositories\\base.repository.ts": {"path":"C:\\Users\\Flávio\\Documents\\Spotcin\\backend\\src\\repositories\\base.repository.ts","statementMap":{"0":{"start":{"line":1,"column":0},"end":{"line":1,"column":35}},"1":{"start":{"line":3,"column":0},"end":{"line":3,"column":69}},"2":{"start":{"line":4,"column":0},"end":{"line":4,"column":36}},"3":{"start":{"line":13,"column":4},"end":{"line":13,"column":25}},"4":{"start":{"line":14,"column":4},"end":{"line":14,"column":37}},"5":{"start":{"line":18,"column":4},"end":{"line":30,"column":5}},"6":{"start":{"line":19,"column":6},"end":{"line":21,"column":7}},"7":{"start":{"line":20,"column":8},"end":{"line":20,"column":39}},"8":{"start":{"line":22,"column":19},"end":{"line":24,"column":null}},"9":{"start":{"line":26,"column":6},"end":{"line":26,"column":46}},"10":{"start":{"line":27,"column":6},"end":{"line":27,"column":21}},"11":{"start":{"line":29,"column":6},"end":{"line":29,"column":42}},"12":{"start":{"line":37,"column":4},"end":{"line":50,"column":5}},"13":{"start":{"line":38,"column":6},"end":{"line":40,"column":7}},"14":{"start":{"line":39,"column":8},"end":{"line":39,"column":20}},"15":{"start":{"line":41,"column":19},"end":{"line":41,"column":57}},"16":{"start":{"line":42,"column":6},"end":{"line":46,"column":7}},"17":{"start":{"line":43,"column":8},"end":{"line":43,"column":23}},"18":{"start":{"line":44,"column":8},"end":{"line":44,"column":34}},"19":{"start":{"line":45,"column":8},"end":{"line":45,"column":20}},"20":{"start":{"line":47,"column":6},"end":{"line":47,"column":18}},"21":{"start":{"line":49,"column":6},"end":{"line":49,"column":42}},"22":{"start":{"line":54,"column":4},"end":{"line":61,"column":5}},"23":{"start":{"line":55,"column":6},"end":{"line":57,"column":7}},"24":{"start":{"line":56,"column":8},"end":{"line":56,"column":20}},"25":{"start":{"line":58,"column":6},"end":{"line":58,"column":60}},"26":{"start":{"line":60,"column":6},"end":{"line":60,"column":42}},"27":{"start":{"line":65,"column":4},"end":{"line":74,"column":5}},"28":{"start":{"line":66,"column":6},"end":{"line":68,"column":7}},"29":{"start":{"line":67,"column":8},"end":{"line":67,"column":18}},"30":{"start":{"line":69,"column":6},"end":{"line":71,"column":36}},"31":{"start":{"line":73,"column":6},"end":{"line":73,"column":42}},"32":{"start":{"line":78,"column":4},"end":{"line":86,"column":5}},"33":{"start":{"line":79,"column":6},"end":{"line":81,"column":7}},"34":{"start":{"line":80,"column":8},"end":{"line":80,"column":15}},"35":{"start":{"line":83,"column":6},"end":{"line":83,"column":75}},"36":{"start":{"line":85,"column":6},"end":{"line":85,"column":42}},"37":{"start":{"line":8,"column":0},"end":{"line":8,"column":21}}},"fnMap":{"0":{"name":"(anonymous_8)","decl":{"start":{"line":12,"column":2},"end":{"line":12,"column":14}},"loc":{"start":{"line":12,"column":28},"end":{"line":15,"column":3}}},"1":{"name":"(anonymous_9)","decl":{"start":{"line":17,"column":15},"end":{"line":17,"column":18}},"loc":{"start":{"line":17,"column":26},"end":{"line":31,"column":null}}},"2":{"name":"(anonymous_11)","decl":{"start":{"line":33,"column":15},"end":{"line":33,"column":21}},"loc":{"start":{"line":35,"column":20},"end":{"line":51,"column":null}}},"3":{"name":"(anonymous_13)","decl":{"start":{"line":53,"column":15},"end":{"line":53,"column":22}},"loc":{"start":{"line":53,"column":48},"end":{"line":62,"column":null}}},"4":{"name":"(anonymous_15)","decl":{"start":{"line":64,"column":15},"end":{"line":64,"column":22}},"loc":{"start":{"line":64,"column":49},"end":{"line":75,"column":null}}},"5":{"name":"(anonymous_17)","decl":{"start":{"line":77,"column":15},"end":{"line":77,"column":21}},"loc":{"start":{"line":77,"column":47},"end":{"line":87,"column":null}}}},"branchMap":{"0":{"loc":{"start":{"line":19,"column":6},"end":{"line":21,"column":7}},"type":"if","locations":[{"start":{"line":19,"column":6},"end":{"line":21,"column":7}}]},"1":{"loc":{"start":{"line":24,"column":12},"end":{"line":24,"column":31}},"type":"binary-expr","locations":[{"start":{"line":24,"column":12},"end":{"line":24,"column":19}},{"start":{"line":24,"column":23},"end":{"line":24,"column":31}}]},"2":{"loc":{"start":{"line":38,"column":6},"end":{"line":40,"column":7}},"type":"if","locations":[{"start":{"line":38,"column":6},"end":{"line":40,"column":7}}]},"3":{"loc":{"start":{"line":42,"column":6},"end":{"line":46,"column":7}},"type":"if","locations":[{"start":{"line":42,"column":6},"end":{"line":46,"column":7}}]},"4":{"loc":{"start":{"line":55,"column":6},"end":{"line":57,"column":7}},"type":"if","locations":[{"start":{"line":55,"column":6},"end":{"line":57,"column":7}}]},"5":{"loc":{"start":{"line":58,"column":13},"end":{"line":58,"column":59}},"type":"binary-expr","locations":[{"start":{"line":58,"column":13},"end":{"line":58,"column":51}},{"start":{"line":58,"column":55},"end":{"line":58,"column":59}}]},"6":{"loc":{"start":{"line":66,"column":6},"end":{"line":68,"column":7}},"type":"if","locations":[{"start":{"line":66,"column":6},"end":{"line":68,"column":7}}]},"7":{"loc":{"start":{"line":69,"column":13},"end":{"line":71,"column":35}},"type":"cond-expr","locations":[{"start":{"line":70,"column":10},"end":{"line":70,"column":50}},{"start":{"line":71,"column":10},"end":{"line":71,"column":35}}]},"8":{"loc":{"start":{"line":79,"column":6},"end":{"line":81,"column":7}},"type":"if","locations":[{"start":{"line":79,"column":6},"end":{"line":81,"column":7}}]}},"s":{"0":3,"1":3,"2":3,"3":12,"4":12,"5":9,"6":9,"7":3,"8":9,"9":9,"10":9,"11":0,"12":4,"13":4,"14":0,"15":4,"16":4,"17":4,"18":4,"19":4,"20":0,"21":0,"22":14,"23":14,"24":3,"25":11,"26":0,"27":14,"28":14,"29":0,"30":14,"31":0,"32":3,"33":3,"34":0,"35":3,"36":0,"37":3},"f":{"0":12,"1":9,"2":4,"3":14,"4":14,"5":3},"b":{"0":[3],"1":[9,3],"2":[0],"3":[4],"4":[3],"5":[11,1],"6":[0],"7":[0,14],"8":[0]}}
,"C:\\Users\\Flávio\\Documents\\Spotcin\\backend\\src\\repositories\\other.repository.ts": {"path":"C:\\Users\\Flávio\\Documents\\Spotcin\\backend\\src\\repositories\\other.repository.ts","statementMap":{"0":{"start":{"line":2,"column":0},"end":{"line":2,"column":47}},"1":{"start":{"line":6,"column":4},"end":{"line":6,"column":19}},"2":{"start":{"line":10,"column":4},"end":{"line":10,"column":32}},"3":{"start":{"line":14,"column":0},"end":{"line":14,"column":31}}},"fnMap":{"0":{"name":"(anonymous_8)","decl":{"start":{"line":5,"column":2},"end":{"line":5,"column":null}},"loc":{"start":{"line":5,"column":2},"end":{"line":7,"column":3}}},"1":{"name":"(anonymous_9)","decl":{"start":{"line":9,"column":15},"end":{"line":9,"column":23}},"loc":{"start":{"line":9,"column":23},"end":{"line":11,"column":null}}}},"branchMap":{},"s":{"0":3,"1":3,"2":0,"3":3},"f":{"0":3,"1":0},"b":{}}
,"C:\\Users\\Flávio\\Documents\\Spotcin\\backend\\src\\repositories\\playlist.repository.ts": {"path":"C:\\Users\\Flávio\\Documents\\Spotcin\\backend\\src\\repositories\\playlist.repository.ts","statementMap":{"0":{"start":{"line":2,"column":0},"end":{"line":2,"column":65}},"1":{"start":{"line":3,"column":0},"end":{"line":3,"column":47}},"2":{"start":{"line":7,"column":4},"end":{"line":7,"column":23}},"3":{"start":{"line":11,"column":4},"end":{"line":15,"column":5}},"4":{"start":{"line":12,"column":6},"end":{"line":12,"column":34}},"5":{"start":{"line":14,"column":6},"end":{"line":14,"column":38}},"6":{"start":{"line":19,"column":4},"end":{"line":26,"column":5}},"7":{"start":{"line":20,"column":22},"end":{"line":20,"column":42}},"8":{"start":{"line":21,"column":21},"end":{"line":21,"column":69}},"9":{"start":{"line":21,"column":50},"end":{"line":21,"column":68}},"10":{"start":{"line":23,"column":6},"end":{"line":23,"column":22}},"11":{"start":{"line":25,"column":6},"end":{"line":25,"column":38}},"12":{"start":{"line":30,"column":4},"end":{"line":38,"column":5}},"13":{"start":{"line":31,"column":23},"end":{"line":31,"column":53}},"14":{"start":{"line":33,"column":6},"end":{"line":35,"column":7}},"15":{"start":{"line":34,"column":8},"end":{"line":34,"column":60}},"16":{"start":{"line":34,"column":40},"end":{"line":34,"column":58}},"17":{"start":{"line":37,"column":6},"end":{"line":37,"column":38}},"18":{"start":{"line":42,"column":4},"end":{"line":50,"column":5}},"19":{"start":{"line":43,"column":22},"end":{"line":43,"column":86}},"20":{"start":{"line":43,"column":54},"end":{"line":43,"column":72}},"21":{"start":{"line":44,"column":6},"end":{"line":46,"column":7}},"22":{"start":{"line":45,"column":8},"end":{"line":45,"column":25}},"23":{"start":{"line":47,"column":6},"end":{"line":47,"column":23}},"24":{"start":{"line":49,"column":6},"end":{"line":49,"column":38}},"25":{"start":{"line":54,"column":4},"end":{"line":60,"column":5}},"26":{"start":{"line":55,"column":22},"end":{"line":55,"column":49}},"27":{"start":{"line":57,"column":6},"end":{"line":57,"column":23}},"28":{"start":{"line":59,"column":6},"end":{"line":59,"column":38}},"29":{"start":{"line":64,"column":4},"end":{"line":76,"column":5}},"30":{"start":{"line":65,"column":23},"end":{"line":65,"column":53}},"31":{"start":{"line":66,"column":6},"end":{"line":72,"column":7}},"32":{"start":{"line":67,"column":23},"end":{"line":69,"column":null}},"33":{"start":{"line":69,"column":49},"end":{"line":69,"column":62}},"34":{"start":{"line":71,"column":20},"end":{"line":71,"column":64}},"35":{"start":{"line":73,"column":6},"end":{"line":73,"column":23}},"36":{"start":{"line":75,"column":6},"end":{"line":75,"column":38}},"37":{"start":{"line":80,"column":4},"end":{"line":92,"column":5}},"38":{"start":{"line":81,"column":23},"end":{"line":81,"column":53}},"39":{"start":{"line":82,"column":6},"end":{"line":88,"column":7}},"40":{"start":{"line":83,"column":23},"end":{"line":85,"column":null}},"41":{"start":{"line":87,"column":20},"end":{"line":87,"column":64}},"42":{"start":{"line":89,"column":6},"end":{"line":89,"column":23}},"43":{"start":{"line":91,"column":6},"end":{"line":91,"column":38}},"44":{"start":{"line":96,"column":0},"end":{"line":96,"column":34}}},"fnMap":{"0":{"name":"(anonymous_8)","decl":{"start":{"line":6,"column":2},"end":{"line":6,"column":null}},"loc":{"start":{"line":6,"column":2},"end":{"line":8,"column":3}}},"1":{"name":"(anonymous_9)","decl":{"start":{"line":10,"column":15},"end":{"line":10,"column":27}},"loc":{"start":{"line":10,"column":27},"end":{"line":16,"column":null}}},"2":{"name":"(anonymous_11)","decl":{"start":{"line":18,"column":15},"end":{"line":18,"column":30}},"loc":{"start":{"line":18,"column":41},"end":{"line":27,"column":null}}},"3":{"name":"(anonymous_13)","decl":{"start":{"line":21,"column":36},"end":{"line":21,"column":37}},"loc":{"start":{"line":21,"column":50},"end":{"line":21,"column":68}}},"4":{"name":"(anonymous_14)","decl":{"start":{"line":29,"column":15},"end":{"line":29,"column":33}},"loc":{"start":{"line":29,"column":44},"end":{"line":39,"column":null}}},"5":{"name":"(anonymous_16)","decl":{"start":{"line":34,"column":26},"end":{"line":34,"column":27}},"loc":{"start":{"line":34,"column":40},"end":{"line":34,"column":58}}},"6":{"name":"(anonymous_17)","decl":{"start":{"line":41,"column":15},"end":{"line":41,"column":33}},"loc":{"start":{"line":41,"column":73},"end":{"line":51,"column":null}}},"7":{"name":"(anonymous_19)","decl":{"start":{"line":43,"column":40},"end":{"line":43,"column":41}},"loc":{"start":{"line":43,"column":54},"end":{"line":43,"column":72}}},"8":{"name":"(anonymous_20)","decl":{"start":{"line":53,"column":15},"end":{"line":53,"column":29}},"loc":{"start":{"line":53,"column":57},"end":{"line":61,"column":null}}},"9":{"name":"(anonymous_22)","decl":{"start":{"line":63,"column":15},"end":{"line":63,"column":40}},"loc":{"start":{"line":63,"column":65},"end":{"line":77,"column":null}}},"10":{"name":"(anonymous_24)","decl":{"start":{"line":69,"column":39},"end":{"line":69,"column":40}},"loc":{"start":{"line":69,"column":49},"end":{"line":69,"column":62}}},"11":{"name":"(anonymous_25)","decl":{"start":{"line":79,"column":15},"end":{"line":79,"column":37}},"loc":{"start":{"line":79,"column":62},"end":{"line":93,"column":null}}}},"branchMap":{"0":{"loc":{"start":{"line":33,"column":6},"end":{"line":35,"column":7}},"type":"if","locations":[{"start":{"line":33,"column":6},"end":{"line":35,"column":7}}]},"1":{"loc":{"start":{"line":44,"column":6},"end":{"line":46,"column":7}},"type":"if","locations":[{"start":{"line":44,"column":6},"end":{"line":46,"column":7}}]},"2":{"loc":{"start":{"line":66,"column":6},"end":{"line":72,"column":7}},"type":"if","locations":[{"start":{"line":66,"column":6},"end":{"line":72,"column":7}}]},"3":{"loc":{"start":{"line":82,"column":6},"end":{"line":88,"column":7}},"type":"if","locations":[{"start":{"line":82,"column":6},"end":{"line":88,"column":7}}]}},"s":{"0":3,"1":3,"2":3,"3":0,"4":0,"5":0,"6":14,"7":14,"8":14,"9":25,"10":14,"11":0,"12":2,"13":2,"14":2,"15":2,"16":4,"17":0,"18":3,"19":3,"20":6,"21":3,"22":0,"23":3,"24":0,"25":7,"26":7,"27":7,"28":0,"29":1,"30":1,"31":1,"32":1,"33":1,"34":1,"35":1,"36":0,"37":1,"38":1,"39":1,"40":1,"41":1,"42":1,"43":0,"44":3},"f":{"0":3,"1":0,"2":14,"3":25,"4":2,"5":4,"6":3,"7":6,"8":7,"9":1,"10":1,"11":1},"b":{"0":[2],"1":[0],"2":[1],"3":[1]}}
,"C:\\Users\\Flávio\\Documents\\Spotcin\\backend\\src\\repositories\\test.repository.ts": {"path":"C:\\Users\\Flávio\\Documents\\Spotcin\\backend\\src\\repositories\\test.repository.ts","statementMap":{"0":{"start":{"line":2,"column":0},"end":{"line":2,"column":47}},"1":{"start":{"line":6,"column":4},"end":{"line":6,"column":19}},"2":{"start":{"line":10,"column":4},"end":{"line":10,"column":32}},"3":{"start":{"line":14,"column":4},"end":{"line":14,"column":56}},"4":{"start":{"line":14,"column":40},"end":{"line":14,"column":54}},"5":{"start":{"line":18,"column":4},"end":{"line":18,"column":32}},"6":{"start":{"line":25,"column":4},"end":{"line":25,"column":61}},"7":{"start":{"line":25,"column":39},"end":{"line":25,"column":53}},"8":{"start":{"line":29,"column":4},"end":{"line":29,"column":48}},"9":{"start":{"line":29,"column":32},"end":{"line":29,"column":46}},"10":{"start":{"line":33,"column":0},"end":{"line":33,"column":30}}},"fnMap":{"0":{"name":"(anonymous_8)","decl":{"start":{"line":5,"column":2},"end":{"line":5,"column":null}},"loc":{"start":{"line":5,"column":2},"end":{"line":7,"column":3}}},"1":{"name":"(anonymous_9)","decl":{"start":{"line":9,"column":15},"end":{"line":9,"column":23}},"loc":{"start":{"line":9,"column":23},"end":{"line":11,"column":null}}},"2":{"name":"(anonymous_11)","decl":{"start":{"line":13,"column":15},"end":{"line":13,"column":22}},"loc":{"start":{"line":13,"column":33},"end":{"line":15,"column":null}}},"3":{"name":"(anonymous_13)","decl":{"start":{"line":14,"column":30},"end":{"line":14,"column":31}},"loc":{"start":{"line":14,"column":40},"end":{"line":14,"column":54}}},"4":{"name":"(anonymous_14)","decl":{"start":{"line":17,"column":15},"end":{"line":17,"column":25}},"loc":{"start":{"line":17,"column":42},"end":{"line":19,"column":null}}},"5":{"name":"(anonymous_16)","decl":{"start":{"line":21,"column":15},"end":{"line":21,"column":25}},"loc":{"start":{"line":23,"column":20},"end":{"line":26,"column":null}}},"6":{"name":"(anonymous_18)","decl":{"start":{"line":25,"column":29},"end":{"line":25,"column":30}},"loc":{"start":{"line":25,"column":39},"end":{"line":25,"column":53}}},"7":{"name":"(anonymous_19)","decl":{"start":{"line":28,"column":15},"end":{"line":28,"column":25}},"loc":{"start":{"line":28,"column":36},"end":{"line":30,"column":null}}},"8":{"name":"(anonymous_21)","decl":{"start":{"line":29,"column":22},"end":{"line":29,"column":23}},"loc":{"start":{"line":29,"column":32},"end":{"line":29,"column":46}}}},"branchMap":{},"s":{"0":3,"1":3,"2":0,"3":0,"4":0,"5":0,"6":0,"7":0,"8":0,"9":0,"10":3},"f":{"0":3,"1":0,"2":0,"3":0,"4":0,"5":0,"6":0,"7":0,"8":0},"b":{}}
,"C:\\Users\\Flávio\\Documents\\Spotcin\\backend\\src\\repositories\\user.repository.ts": {"path":"C:\\Users\\Flávio\\Documents\\Spotcin\\backend\\src\\repositories\\user.repository.ts","statementMap":{"0":{"start":{"line":1,"column":0},"end":{"line":1,"column":47}},"1":{"start":{"line":6,"column":4},"end":{"line":6,"column":18}},"2":{"start":{"line":11,"column":4},"end":{"line":11,"column":26}},"3":{"start":{"line":16,"column":4},"end":{"line":16,"column":50}},"4":{"start":{"line":16,"column":34},"end":{"line":16,"column":48}},"5":{"start":{"line":21,"column":4},"end":{"line":21,"column":56}},"6":{"start":{"line":21,"column":34},"end":{"line":21,"column":54}},"7":{"start":{"line":26,"column":4},"end":{"line":26,"column":null}},"8":{"start":{"line":31,"column":4},"end":{"line":31,"column":65}},"9":{"start":{"line":31,"column":39},"end":{"line":31,"column":53}},"10":{"start":{"line":36,"column":4},"end":{"line":36,"column":48}},"11":{"start":{"line":36,"column":32},"end":{"line":36,"column":46}},"12":{"start":{"line":40,"column":0},"end":{"line":40,"column":30}}},"fnMap":{"0":{"name":"(anonymous_8)","decl":{"start":{"line":5,"column":2},"end":{"line":5,"column":null}},"loc":{"start":{"line":5,"column":2},"end":{"line":7,"column":3}}},"1":{"name":"(anonymous_9)","decl":{"start":{"line":9,"column":15},"end":{"line":9,"column":23}},"loc":{"start":{"line":9,"column":23},"end":{"line":12,"column":null}}},"2":{"name":"(anonymous_11)","decl":{"start":{"line":14,"column":15},"end":{"line":14,"column":26}},"loc":{"start":{"line":14,"column":37},"end":{"line":17,"column":null}}},"3":{"name":"(anonymous_13)","decl":{"start":{"line":16,"column":24},"end":{"line":16,"column":25}},"loc":{"start":{"line":16,"column":34},"end":{"line":16,"column":48}}},"4":{"name":"(anonymous_14)","decl":{"start":{"line":19,"column":15},"end":{"line":19,"column":29}},"loc":{"start":{"line":19,"column":43},"end":{"line":22,"column":null}}},"5":{"name":"(anonymous_16)","decl":{"start":{"line":21,"column":24},"end":{"line":21,"column":25}},"loc":{"start":{"line":21,"column":34},"end":{"line":21,"column":54}}},"6":{"name":"(anonymous_17)","decl":{"start":{"line":24,"column":15},"end":{"line":24,"column":25}},"loc":{"start":{"line":24,"column":46},"end":{"line":27,"column":null}}},"7":{"name":"(anonymous_19)","decl":{"start":{"line":29,"column":15},"end":{"line":29,"column":25}},"loc":{"start":{"line":29,"column":67},"end":{"line":32,"column":null}}},"8":{"name":"(anonymous_21)","decl":{"start":{"line":31,"column":29},"end":{"line":31,"column":30}},"loc":{"start":{"line":31,"column":39},"end":{"line":31,"column":53}}},"9":{"name":"(anonymous_22)","decl":{"start":{"line":34,"column":15},"end":{"line":34,"column":25}},"loc":{"start":{"line":34,"column":36},"end":{"line":37,"column":null}}},"10":{"name":"(anonymous_24)","decl":{"start":{"line":36,"column":22},"end":{"line":36,"column":23}},"loc":{"start":{"line":36,"column":32},"end":{"line":36,"column":46}}}},"branchMap":{},"s":{"0":3,"1":3,"2":0,"3":0,"4":0,"5":14,"6":10,"7":2,"8":1,"9":1,"10":1,"11":1,"12":3},"f":{"0":3,"1":0,"2":0,"3":0,"4":14,"5":10,"6":2,"7":1,"8":1,"9":1,"10":1},"b":{}}
,"C:\\Users\\Flávio\\Documents\\Spotcin\\backend\\src\\routes\\index.ts": {"path":"C:\\Users\\Flávio\\Documents\\Spotcin\\backend\\src\\routes\\index.ts","statementMap":{"0":{"start":{"line":1,"column":0},"end":{"line":1,"column":42}},"1":{"start":{"line":2,"column":0},"end":{"line":2,"column":27}},"2":{"start":{"line":3,"column":0},"end":{"line":3,"column":60}},"3":{"start":{"line":4,"column":0},"end":{"line":4,"column":51}},"4":{"start":{"line":5,"column":0},"end":{"line":5,"column":60}},"5":{"start":{"line":6,"column":0},"end":{"line":6,"column":51}},"6":{"start":{"line":7,"column":0},"end":{"line":7,"column":62}},"7":{"start":{"line":8,"column":0},"end":{"line":8,"column":53}},"8":{"start":{"line":10,"column":0},"end":{"line":10,"column":68}},"9":{"start":{"line":11,"column":0},"end":{"line":11,"column":59}},"10":{"start":{"line":14,"column":15},"end":{"line":14,"column":23}},"11":{"start":{"line":15,"column":15},"end":{"line":15,"column":21}},"12":{"start":{"line":17,"column":0},"end":{"line":38,"column":2}},"13":{"start":{"line":18,"column":2},"end":{"line":21,"column":4}},"14":{"start":{"line":22,"column":2},"end":{"line":25,"column":4}},"15":{"start":{"line":26,"column":2},"end":{"line":29,"column":null}},"16":{"start":{"line":31,"column":2},"end":{"line":34,"column":4}}},"fnMap":{"0":{"name":"(anonymous_1)","decl":{"start":{"line":17,"column":15},"end":{"line":17,"column":16}},"loc":{"start":{"line":17,"column":32},"end":{"line":38,"column":1}}}},"branchMap":{},"s":{"0":3,"1":3,"2":3,"3":3,"4":3,"5":3,"6":3,"7":3,"8":3,"9":3,"10":3,"11":3,"12":3,"13":3,"14":3,"15":3,"16":3},"f":{"0":3},"b":{}}
,"C:\\Users\\Flávio\\Documents\\Spotcin\\backend\\src\\services\\login.service.ts": {"path":"C:\\Users\\Flávio\\Documents\\Spotcin\\backend\\src\\services\\login.service.ts","statementMap":{"0":{"start":{"line":1,"column":0},"end":{"line":1,"column":47}},"1":{"start":{"line":3,"column":0},"end":{"line":3,"column":84}},"2":{"start":{"line":6,"column":25},"end":{"line":6,"column":61}},"3":{"start":{"line":7,"column":25},"end":{"line":7,"column":67}},"4":{"start":{"line":14,"column":4},"end":{"line":14,"column":41}},"5":{"start":{"line":18,"column":23},"end":{"line":18,"column":75}},"6":{"start":{"line":19,"column":4},"end":{"line":24,"column":5}},"7":{"start":{"line":20,"column":6},"end":{"line":23,"column":9}},"8":{"start":{"line":25,"column":4},"end":{"line":30,"column":5}},"9":{"start":{"line":26,"column":6},"end":{"line":29,"column":9}},"10":{"start":{"line":31,"column":4},"end":{"line":31,"column":38}},"11":{"start":{"line":37,"column":0},"end":{"line":37,"column":28}}},"fnMap":{"0":{"name":"(anonymous_8)","decl":{"start":{"line":13,"column":2},"end":{"line":13,"column":14}},"loc":{"start":{"line":13,"column":44},"end":{"line":15,"column":3}}},"1":{"name":"(anonymous_9)","decl":{"start":{"line":17,"column":8},"end":{"line":17,"column":13}},"loc":{"start":{"line":17,"column":30},"end":{"line":32,"column":null}}}},"branchMap":{"0":{"loc":{"start":{"line":19,"column":4},"end":{"line":24,"column":5}},"type":"if","locations":[{"start":{"line":19,"column":4},"end":{"line":24,"column":5}}]},"1":{"loc":{"start":{"line":25,"column":4},"end":{"line":30,"column":5}},"type":"if","locations":[{"start":{"line":25,"column":4},"end":{"line":30,"column":5}}]}},"s":{"0":3,"1":3,"2":3,"3":3,"4":3,"5":2,"6":2,"7":0,"8":2,"9":1,"10":1,"11":3},"f":{"0":3,"1":2},"b":{"0":[0],"1":[1]}}
,"C:\\Users\\Flávio\\Documents\\Spotcin\\backend\\src\\services\\playlist.service.ts": {"path":"C:\\Users\\Flávio\\Documents\\Spotcin\\backend\\src\\services\\playlist.service.ts","statementMap":{"0":{"start":{"line":1,"column":0},"end":{"line":1,"column":53}},"1":{"start":{"line":3,"column":0},"end":{"line":3,"column":80}},"2":{"start":{"line":7,"column":27},"end":{"line":7,"column":69}},"3":{"start":{"line":8,"column":27},"end":{"line":8,"column":75}},"4":{"start":{"line":9,"column":27},"end":{"line":9,"column":79}},"5":{"start":{"line":10,"column":27},"end":{"line":10,"column":79}},"6":{"start":{"line":11,"column":27},"end":{"line":11,"column":61}},"7":{"start":{"line":12,"column":27},"end":{"line":12,"column":67}},"8":{"start":{"line":20,"column":4},"end":{"line":20,"column":49}},"9":{"start":{"line":24,"column":27},"end":{"line":24,"column":71}},"10":{"start":{"line":26,"column":27},"end":{"line":26,"column":80}},"11":{"start":{"line":26,"column":56},"end":{"line":26,"column":79}},"12":{"start":{"line":28,"column":4},"end":{"line":28,"column":26}},"13":{"start":{"line":32,"column":27},"end":{"line":32,"column":76}},"14":{"start":{"line":34,"column":4},"end":{"line":39,"column":5}},"15":{"start":{"line":35,"column":6},"end":{"line":38,"column":9}},"16":{"start":{"line":41,"column":26},"end":{"line":41,"column":59}},"17":{"start":{"line":43,"column":4},"end":{"line":43,"column":25}},"18":{"start":{"line":48,"column":27},"end":{"line":48,"column":76}},"19":{"start":{"line":50,"column":4},"end":{"line":55,"column":5}},"20":{"start":{"line":51,"column":6},"end":{"line":54,"column":9}},"21":{"start":{"line":57,"column":4},"end":{"line":57,"column":57}},"22":{"start":{"line":62,"column":27},"end":{"line":62,"column":92}},"23":{"start":{"line":64,"column":4},"end":{"line":69,"column":5}},"24":{"start":{"line":65,"column":6},"end":{"line":68,"column":9}},"25":{"start":{"line":71,"column":26},"end":{"line":71,"column":59}},"26":{"start":{"line":73,"column":4},"end":{"line":73,"column":25}},"27":{"start":{"line":78,"column":4},"end":{"line":83,"column":5}},"28":{"start":{"line":79,"column":6},"end":{"line":82,"column":9}},"29":{"start":{"line":85,"column":27},"end":{"line":85,"column":84}},"30":{"start":{"line":87,"column":4},"end":{"line":92,"column":5}},"31":{"start":{"line":88,"column":6},"end":{"line":91,"column":9}},"32":{"start":{"line":94,"column":26},"end":{"line":94,"column":59}},"33":{"start":{"line":96,"column":4},"end":{"line":96,"column":25}},"34":{"start":{"line":100,"column":27},"end":{"line":100,"column":76}},"35":{"start":{"line":102,"column":4},"end":{"line":107,"column":5}},"36":{"start":{"line":103,"column":6},"end":{"line":106,"column":9}},"37":{"start":{"line":108,"column":4},"end":{"line":114,"column":5}},"38":{"start":{"line":109,"column":6},"end":{"line":112,"column":9}},"39":{"start":{"line":115,"column":4},"end":{"line":120,"column":5}},"40":{"start":{"line":116,"column":6},"end":{"line":119,"column":9}},"41":{"start":{"line":122,"column":4},"end":{"line":122,"column":70}},"42":{"start":{"line":126,"column":27},"end":{"line":126,"column":76}},"43":{"start":{"line":127,"column":4},"end":{"line":132,"column":5}},"44":{"start":{"line":128,"column":6},"end":{"line":131,"column":9}},"45":{"start":{"line":133,"column":4},"end":{"line":139,"column":5}},"46":{"start":{"line":134,"column":6},"end":{"line":137,"column":9}},"47":{"start":{"line":140,"column":4},"end":{"line":145,"column":5}},"48":{"start":{"line":141,"column":6},"end":{"line":144,"column":9}},"49":{"start":{"line":147,"column":4},"end":{"line":147,"column":67}},"50":{"start":{"line":150,"column":0},"end":{"line":150,"column":31}}},"fnMap":{"0":{"name":"(anonymous_8)","decl":{"start":{"line":19,"column":2},"end":{"line":19,"column":14}},"loc":{"start":{"line":19,"column":52},"end":{"line":21,"column":3}}},"1":{"name":"(anonymous_9)","decl":{"start":{"line":23,"column":15},"end":{"line":23,"column":27}},"loc":{"start":{"line":23,"column":27},"end":{"line":29,"column":null}}},"2":{"name":"(anonymous_11)","decl":{"start":{"line":26,"column":46},"end":{"line":26,"column":47}},"loc":{"start":{"line":26,"column":56},"end":{"line":26,"column":79}}},"3":{"name":"(anonymous_12)","decl":{"start":{"line":31,"column":15},"end":{"line":31,"column":30}},"loc":{"start":{"line":31,"column":41},"end":{"line":44,"column":null}}},"4":{"name":"(anonymous_14)","decl":{"start":{"line":46,"column":15},"end":{"line":46,"column":33}},"loc":{"start":{"line":46,"column":44},"end":{"line":59,"column":null}}},"5":{"name":"(anonymous_16)","decl":{"start":{"line":61,"column":15},"end":{"line":61,"column":33}},"loc":{"start":{"line":61,"column":72},"end":{"line":74,"column":null}}},"6":{"name":"(anonymous_18)","decl":{"start":{"line":76,"column":15},"end":{"line":76,"column":29}},"loc":{"start":{"line":76,"column":56},"end":{"line":97,"column":null}}},"7":{"name":"(anonymous_20)","decl":{"start":{"line":99,"column":15},"end":{"line":99,"column":40}},"loc":{"start":{"line":99,"column":65},"end":{"line":123,"column":null}}},"8":{"name":"(anonymous_22)","decl":{"start":{"line":125,"column":15},"end":{"line":125,"column":37}},"loc":{"start":{"line":125,"column":62},"end":{"line":148,"column":null}}}},"branchMap":{"0":{"loc":{"start":{"line":34,"column":4},"end":{"line":39,"column":5}},"type":"if","locations":[{"start":{"line":34,"column":4},"end":{"line":39,"column":5}}]},"1":{"loc":{"start":{"line":50,"column":4},"end":{"line":55,"column":5}},"type":"if","locations":[{"start":{"line":50,"column":4},"end":{"line":55,"column":5}}]},"2":{"loc":{"start":{"line":64,"column":4},"end":{"line":69,"column":5}},"type":"if","locations":[{"start":{"line":64,"column":4},"end":{"line":69,"column":5}}]},"3":{"loc":{"start":{"line":78,"column":4},"end":{"line":83,"column":5}},"type":"if","locations":[{"start":{"line":78,"column":4},"end":{"line":83,"column":5}}]},"4":{"loc":{"start":{"line":87,"column":4},"end":{"line":92,"column":5}},"type":"if","locations":[{"start":{"line":87,"column":4},"end":{"line":92,"column":5}}]},"5":{"loc":{"start":{"line":102,"column":4},"end":{"line":107,"column":5}},"type":"if","locations":[{"start":{"line":102,"column":4},"end":{"line":107,"column":5}}]},"6":{"loc":{"start":{"line":108,"column":4},"end":{"line":114,"column":5}},"type":"if","locations":[{"start":{"line":108,"column":4},"end":{"line":114,"column":5}}]},"7":{"loc":{"start":{"line":115,"column":4},"end":{"line":120,"column":5}},"type":"if","locations":[{"start":{"line":115,"column":4},"end":{"line":120,"column":5}}]},"8":{"loc":{"start":{"line":127,"column":4},"end":{"line":132,"column":5}},"type":"if","locations":[{"start":{"line":127,"column":4},"end":{"line":132,"column":5}}]},"9":{"loc":{"start":{"line":133,"column":4},"end":{"line":139,"column":5}},"type":"if","locations":[{"start":{"line":133,"column":4},"end":{"line":139,"column":5}}]},"10":{"loc":{"start":{"line":140,"column":4},"end":{"line":145,"column":5}},"type":"if","locations":[{"start":{"line":140,"column":4},"end":{"line":145,"column":5}}]}},"s":{"0":3,"1":3,"2":3,"3":3,"4":3,"5":3,"6":3,"7":3,"8":3,"9":0,"10":0,"11":0,"12":0,"13":2,"14":2,"15":1,"16":1,"17":1,"18":2,"19":2,"20":1,"21":1,"22":1,"23":1,"24":0,"25":1,"26":1,"27":2,"28":1,"29":1,"30":1,"31":0,"32":1,"33":1,"34":2,"35":2,"36":0,"37":2,"38":1,"39":1,"40":0,"41":1,"42":2,"43":2,"44":0,"45":2,"46":1,"47":1,"48":0,"49":1,"50":3},"f":{"0":3,"1":0,"2":0,"3":2,"4":2,"5":1,"6":2,"7":2,"8":2},"b":{"0":[1],"1":[1],"2":[0],"3":[1],"4":[0],"5":[0],"6":[1],"7":[0],"8":[0],"9":[1],"10":[0]}}
,"C:\\Users\\Flávio\\Documents\\Spotcin\\backend\\src\\services\\test.service.ts": {"path":"C:\\Users\\Flávio\\Documents\\Spotcin\\backend\\src\\services\\test.service.ts","statementMap":{"0":{"start":{"line":2,"column":0},"end":{"line":2,"column":45}},"1":{"start":{"line":5,"column":0},"end":{"line":5,"column":63}},"2":{"start":{"line":8,"column":25},"end":{"line":8,"column":59}},"3":{"start":{"line":19,"column":4},"end":{"line":19,"column":41}},"4":{"start":{"line":20,"column":4},"end":{"line":20,"column":43}},"5":{"start":{"line":24,"column":24},"end":{"line":24,"column":60}},"6":{"start":{"line":26,"column":23},"end":{"line":26,"column":69}},"7":{"start":{"line":26,"column":49},"end":{"line":26,"column":68}},"8":{"start":{"line":28,"column":4},"end":{"line":28,"column":22}},"9":{"start":{"line":32,"column":24},"end":{"line":32,"column":61}},"10":{"start":{"line":34,"column":23},"end":{"line":34,"column":69}},"11":{"start":{"line":34,"column":49},"end":{"line":34,"column":68}},"12":{"start":{"line":36,"column":4},"end":{"line":36,"column":22}},"13":{"start":{"line":40,"column":23},"end":{"line":40,"column":60}},"14":{"start":{"line":42,"column":4},"end":{"line":47,"column":5}},"15":{"start":{"line":43,"column":6},"end":{"line":46,"column":9}},"16":{"start":{"line":49,"column":22},"end":{"line":49,"column":47}},"17":{"start":{"line":51,"column":4},"end":{"line":51,"column":21}},"18":{"start":{"line":55,"column":23},"end":{"line":55,"column":65}},"19":{"start":{"line":56,"column":22},"end":{"line":56,"column":47}},"20":{"start":{"line":58,"column":4},"end":{"line":58,"column":21}},"21":{"start":{"line":62,"column":23},"end":{"line":62,"column":69}},"22":{"start":{"line":64,"column":4},"end":{"line":69,"column":5}},"23":{"start":{"line":65,"column":6},"end":{"line":68,"column":9}},"24":{"start":{"line":71,"column":22},"end":{"line":71,"column":47}},"25":{"start":{"line":73,"column":4},"end":{"line":73,"column":21}},"26":{"start":{"line":77,"column":4},"end":{"line":77,"column":45}},"27":{"start":{"line":81,"column":0},"end":{"line":81,"column":27}}},"fnMap":{"0":{"name":"(anonymous_8)","decl":{"start":{"line":15,"column":2},"end":{"line":15,"column":null}},"loc":{"start":{"line":17,"column":36},"end":{"line":21,"column":3}}},"1":{"name":"(anonymous_9)","decl":{"start":{"line":23,"column":15},"end":{"line":23,"column":23}},"loc":{"start":{"line":23,"column":23},"end":{"line":29,"column":null}}},"2":{"name":"(anonymous_11)","decl":{"start":{"line":26,"column":39},"end":{"line":26,"column":40}},"loc":{"start":{"line":26,"column":49},"end":{"line":26,"column":68}}},"3":{"name":"(anonymous_12)","decl":{"start":{"line":31,"column":15},"end":{"line":31,"column":28}},"loc":{"start":{"line":31,"column":28},"end":{"line":37,"column":null}}},"4":{"name":"(anonymous_14)","decl":{"start":{"line":34,"column":39},"end":{"line":34,"column":40}},"loc":{"start":{"line":34,"column":49},"end":{"line":34,"column":68}}},"5":{"name":"(anonymous_15)","decl":{"start":{"line":39,"column":15},"end":{"line":39,"column":22}},"loc":{"start":{"line":39,"column":33},"end":{"line":52,"column":null}}},"6":{"name":"(anonymous_17)","decl":{"start":{"line":54,"column":15},"end":{"line":54,"column":25}},"loc":{"start":{"line":54,"column":42},"end":{"line":59,"column":null}}},"7":{"name":"(anonymous_19)","decl":{"start":{"line":61,"column":15},"end":{"line":61,"column":25}},"loc":{"start":{"line":61,"column":54},"end":{"line":74,"column":null}}},"8":{"name":"(anonymous_21)","decl":{"start":{"line":76,"column":15},"end":{"line":76,"column":25}},"loc":{"start":{"line":76,"column":36},"end":{"line":78,"column":null}}}},"branchMap":{"0":{"loc":{"start":{"line":42,"column":4},"end":{"line":47,"column":5}},"type":"if","locations":[{"start":{"line":42,"column":4},"end":{"line":47,"column":5}}]},"1":{"loc":{"start":{"line":64,"column":4},"end":{"line":69,"column":5}},"type":"if","locations":[{"start":{"line":64,"column":4},"end":{"line":69,"column":5}}]}},"s":{"0":3,"1":3,"2":3,"3":3,"4":3,"5":0,"6":0,"7":0,"8":0,"9":0,"10":0,"11":0,"12":0,"13":0,"14":0,"15":0,"16":0,"17":0,"18":0,"19":0,"20":0,"21":0,"22":0,"23":0,"24":0,"25":0,"26":0,"27":3},"f":{"0":3,"1":0,"2":0,"3":0,"4":0,"5":0,"6":0,"7":0,"8":0},"b":{"0":[0],"1":[0]}}
,"C:\\Users\\Flávio\\Documents\\Spotcin\\backend\\src\\services\\user.service.ts": {"path":"C:\\Users\\Flávio\\Documents\\Spotcin\\backend\\src\\services\\user.service.ts","statementMap":{"0":{"start":{"line":2,"column":0},"end":{"line":2,"column":45}},"1":{"start":{"line":4,"column":0},"end":{"line":4,"column":84}},"2":{"start":{"line":7,"column":25},"end":{"line":7,"column":59}},"3":{"start":{"line":8,"column":25},"end":{"line":8,"column":71}},"4":{"start":{"line":15,"column":4},"end":{"line":15,"column":41}},"5":{"start":{"line":19,"column":24},"end":{"line":19,"column":60}},"6":{"start":{"line":21,"column":23},"end":{"line":21,"column":69}},"7":{"start":{"line":21,"column":49},"end":{"line":21,"column":68}},"8":{"start":{"line":23,"column":4},"end":{"line":23,"column":22}},"9":{"start":{"line":27,"column":23},"end":{"line":27,"column":64}},"10":{"start":{"line":28,"column":4},"end":{"line":33,"column":5}},"11":{"start":{"line":29,"column":6},"end":{"line":32,"column":9}},"12":{"start":{"line":34,"column":4},"end":{"line":34,"column":37}},"13":{"start":{"line":39,"column":17},"end":{"line":39,"column":73}},"14":{"start":{"line":40,"column":4},"end":{"line":45,"column":5}},"15":{"start":{"line":41,"column":6},"end":{"line":44,"column":9}},"16":{"start":{"line":47,"column":26},"end":{"line":47,"column":72}},"17":{"start":{"line":48,"column":4},"end":{"line":48,"column":25}},"18":{"start":{"line":52,"column":30},"end":{"line":52,"column":80}},"19":{"start":{"line":54,"column":4},"end":{"line":59,"column":5}},"20":{"start":{"line":55,"column":6},"end":{"line":58,"column":9}},"21":{"start":{"line":60,"column":4},"end":{"line":60,"column":29}},"22":{"start":{"line":64,"column":4},"end":{"line":64,"column":45}},"23":{"start":{"line":68,"column":0},"end":{"line":68,"column":27}}},"fnMap":{"0":{"name":"(anonymous_8)","decl":{"start":{"line":14,"column":2},"end":{"line":14,"column":14}},"loc":{"start":{"line":14,"column":44},"end":{"line":16,"column":3}}},"1":{"name":"(anonymous_9)","decl":{"start":{"line":18,"column":15},"end":{"line":18,"column":23}},"loc":{"start":{"line":18,"column":23},"end":{"line":24,"column":null}}},"2":{"name":"(anonymous_11)","decl":{"start":{"line":21,"column":39},"end":{"line":21,"column":40}},"loc":{"start":{"line":21,"column":49},"end":{"line":21,"column":68}}},"3":{"name":"(anonymous_12)","decl":{"start":{"line":26,"column":15},"end":{"line":26,"column":26}},"loc":{"start":{"line":26,"column":37},"end":{"line":35,"column":null}}},"4":{"name":"(anonymous_14)","decl":{"start":{"line":37,"column":15},"end":{"line":37,"column":25}},"loc":{"start":{"line":37,"column":46},"end":{"line":49,"column":null}}},"5":{"name":"(anonymous_16)","decl":{"start":{"line":51,"column":15},"end":{"line":51,"column":25}},"loc":{"start":{"line":51,"column":58},"end":{"line":61,"column":null}}},"6":{"name":"(anonymous_18)","decl":{"start":{"line":63,"column":15},"end":{"line":63,"column":25}},"loc":{"start":{"line":63,"column":36},"end":{"line":65,"column":null}}}},"branchMap":{"0":{"loc":{"start":{"line":28,"column":4},"end":{"line":33,"column":5}},"type":"if","locations":[{"start":{"line":28,"column":4},"end":{"line":33,"column":5}}]},"1":{"loc":{"start":{"line":40,"column":4},"end":{"line":45,"column":5}},"type":"if","locations":[{"start":{"line":40,"column":4},"end":{"line":45,"column":5}}]},"2":{"loc":{"start":{"line":54,"column":4},"end":{"line":59,"column":5}},"type":"if","locations":[{"start":{"line":54,"column":4},"end":{"line":59,"column":5}}]}},"s":{"0":3,"1":3,"2":3,"3":3,"4":3,"5":0,"6":0,"7":0,"8":0,"9":0,"10":0,"11":0,"12":0,"13":2,"14":2,"15":1,"16":1,"17":1,"18":1,"19":1,"20":0,"21":1,"22":1,"23":3},"f":{"0":3,"1":0,"2":0,"3":0,"4":2,"5":1,"6":1},"b":{"0":[0],"1":[1],"2":[0]}}
,"C:\\Users\\Flávio\\Documents\\Spotcin\\backend\\src\\utils\\result.ts": {"path":"C:\\Users\\Flávio\\Documents\\Spotcin\\backend\\src\\utils\\result.ts","statementMap":{"0":{"start":{"line":17,"column":4},"end":{"line":17,"column":19}},"1":{"start":{"line":18,"column":4},"end":{"line":18,"column":27}},"2":{"start":{"line":19,"column":4},"end":{"line":19,"column":21}},"3":{"start":{"line":23,"column":4},"end":{"line":23,"column":47}},"4":{"start":{"line":3,"column":0},"end":{"line":3,"column":22}},"5":{"start":{"line":41,"column":4},"end":{"line":41,"column":69}},"6":{"start":{"line":42,"column":4},"end":{"line":42,"column":21}},"7":{"start":{"line":46,"column":4},"end":{"line":46,"column":44}},"8":{"start":{"line":27,"column":0},"end":{"line":27,"column":13}},"9":{"start":{"line":60,"column":4},"end":{"line":60,"column":69}},"10":{"start":{"line":64,"column":4},"end":{"line":64,"column":44}},"11":{"start":{"line":50,"column":0},"end":{"line":50,"column":13}}},"fnMap":{"0":{"name":"(anonymous_0)","decl":{"start":{"line":8,"column":2},"end":{"line":8,"column":14}},"loc":{"start":{"line":16,"column":3},"end":{"line":20,"column":3}}},"1":{"name":"(anonymous_1)","decl":{"start":{"line":22,"column":2},"end":{"line":22,"column":8}},"loc":{"start":{"line":22,"column":43},"end":{"line":24,"column":3}}},"2":{"name":"(anonymous_2)","decl":{"start":{"line":30,"column":2},"end":{"line":30,"column":14}},"loc":{"start":{"line":40,"column":3},"end":{"line":43,"column":3}}},"3":{"name":"(anonymous_3)","decl":{"start":{"line":45,"column":2},"end":{"line":45,"column":8}},"loc":{"start":{"line":45,"column":22},"end":{"line":47,"column":3}}},"4":{"name":"(anonymous_4)","decl":{"start":{"line":51,"column":2},"end":{"line":51,"column":14}},"loc":{"start":{"line":59,"column":3},"end":{"line":61,"column":3}}},"5":{"name":"(anonymous_5)","decl":{"start":{"line":63,"column":2},"end":{"line":63,"column":8}},"loc":{"start":{"line":63,"column":22},"end":{"line":65,"column":3}}}},"branchMap":{"0":{"loc":{"start":{"line":23,"column":28},"end":{"line":23,"column":44}},"type":"cond-expr","locations":[{"start":{"line":23,"column":31},"end":{"line":23,"column":33}},{"start":{"line":23,"column":28},"end":{"line":23,"column":44}}]},"1":{"loc":{"start":{"line":23,"column":28},"end":{"line":23,"column":33}},"type":"binary-expr","locations":[{"start":{"line":23,"column":28},"end":{"line":23,"column":33}},{"start":{"line":23,"column":28},"end":{"line":23,"column":33}}]},"2":{"loc":{"start":{"line":41,"column":26},"end":{"line":41,"column":46}},"type":"binary-expr","locations":[{"start":{"line":41,"column":26},"end":{"line":41,"column":33}},{"start":{"line":41,"column":37},"end":{"line":41,"column":46}}]},"3":{"loc":{"start":{"line":41,"column":54},"end":{"line":41,"column":65}},"type":"binary-expr","locations":[{"start":{"line":41,"column":54},"end":{"line":41,"column":58}},{"start":{"line":41,"column":62},"end":{"line":41,"column":65}}]},"4":{"loc":{"start":{"line":60,"column":26},"end":{"line":60,"column":46}},"type":"binary-expr","locations":[{"start":{"line":60,"column":26},"end":{"line":60,"column":33}},{"start":{"line":60,"column":37},"end":{"line":60,"column":46}}]},"5":{"loc":{"start":{"line":60,"column":54},"end":{"line":60,"column":65}},"type":"binary-expr","locations":[{"start":{"line":60,"column":54},"end":{"line":60,"column":58}},{"start":{"line":60,"column":62},"end":{"line":60,"column":65}}]}},"s":{"0":17,"1":17,"2":17,"3":9,"4":3,"5":9,"6":9,"7":9,"8":3,"9":8,"10":8,"11":3},"f":{"0":17,"1":9,"2":9,"3":9,"4":8,"5":8},"b":{"0":[0,9],"1":[9,9],"2":[9,9],"3":[9,9],"4":[8,1],"5":[8,1]}}
,"C:\\Users\\Flávio\\Documents\\Spotcin\\backend\\src\\utils\\errors\\http.error.ts": {"path":"C:\\Users\\Flávio\\Documents\\Spotcin\\backend\\src\\utils\\errors\\http.error.ts","statementMap":{"0":{"start":{"line":18,"column":4},"end":{"line":18,"column":15}},"1":{"start":{"line":19,"column":4},"end":{"line":19,"column":19}},"2":{"start":{"line":20,"column":4},"end":{"line":20,"column":25}},"3":{"start":{"line":21,"column":4},"end":{"line":21,"column":40}},"4":{"start":{"line":22,"column":4},"end":{"line":22,"column":37}},"5":{"start":{"line":26,"column":4},"end":{"line":26,"column":118}},"6":{"start":{"line":1,"column":0},"end":{"line":1,"column":22}},"7":{"start":{"line":32,"column":4},"end":{"line":32,"column":62}},"8":{"start":{"line":30,"column":0},"end":{"line":30,"column":13}},"9":{"start":{"line":38,"column":4},"end":{"line":38,"column":63}},"10":{"start":{"line":36,"column":0},"end":{"line":36,"column":13}},"11":{"start":{"line":44,"column":4},"end":{"line":44,"column":60}},"12":{"start":{"line":42,"column":0},"end":{"line":42,"column":13}},"13":{"start":{"line":50,"column":4},"end":{"line":50,"column":60}},"14":{"start":{"line":48,"column":0},"end":{"line":48,"column":13}},"15":{"start":{"line":56,"column":4},"end":{"line":61,"column":7}},"16":{"start":{"line":54,"column":0},"end":{"line":54,"column":13}},"17":{"start":{"line":67,"column":4},"end":{"line":72,"column":7}},"18":{"start":{"line":65,"column":0},"end":{"line":65,"column":13}},"19":{"start":{"line":78,"column":4},"end":{"line":78,"column":62}},"20":{"start":{"line":76,"column":0},"end":{"line":76,"column":13}},"21":{"start":{"line":84,"column":4},"end":{"line":84,"column":63}},"22":{"start":{"line":82,"column":0},"end":{"line":82,"column":13}},"23":{"start":{"line":90,"column":4},"end":{"line":90,"column":60}},"24":{"start":{"line":88,"column":0},"end":{"line":88,"column":13}},"25":{"start":{"line":96,"column":4},"end":{"line":96,"column":60}},"26":{"start":{"line":94,"column":0},"end":{"line":94,"column":13}},"27":{"start":{"line":102,"column":4},"end":{"line":107,"column":7}},"28":{"start":{"line":100,"column":0},"end":{"line":100,"column":13}},"29":{"start":{"line":113,"column":4},"end":{"line":118,"column":7}},"30":{"start":{"line":111,"column":0},"end":{"line":111,"column":13}}},"fnMap":{"0":{"name":"(anonymous_0)","decl":{"start":{"line":7,"column":2},"end":{"line":7,"column":14}},"loc":{"start":{"line":17,"column":3},"end":{"line":23,"column":3}}},"1":{"name":"(anonymous_1)","decl":{"start":{"line":25,"column":2},"end":{"line":25,"column":10}},"loc":{"start":{"line":25,"column":10},"end":{"line":27,"column":3}}},"2":{"name":"(anonymous_2)","decl":{"start":{"line":31,"column":2},"end":{"line":31,"column":14}},"loc":{"start":{"line":31,"column":62},"end":{"line":33,"column":3}}},"3":{"name":"(anonymous_3)","decl":{"start":{"line":37,"column":2},"end":{"line":37,"column":14}},"loc":{"start":{"line":37,"column":62},"end":{"line":39,"column":3}}},"4":{"name":"(anonymous_4)","decl":{"start":{"line":43,"column":2},"end":{"line":43,"column":14}},"loc":{"start":{"line":43,"column":62},"end":{"line":45,"column":3}}},"5":{"name":"(anonymous_5)","decl":{"start":{"line":49,"column":2},"end":{"line":49,"column":14}},"loc":{"start":{"line":49,"column":62},"end":{"line":51,"column":3}}},"6":{"name":"(anonymous_6)","decl":{"start":{"line":55,"column":2},"end":{"line":55,"column":14}},"loc":{"start":{"line":55,"column":68},"end":{"line":62,"column":3}}},"7":{"name":"(anonymous_7)","decl":{"start":{"line":66,"column":2},"end":{"line":66,"column":14}},"loc":{"start":{"line":66,"column":68},"end":{"line":73,"column":3}}},"8":{"name":"(anonymous_8)","decl":{"start":{"line":77,"column":2},"end":{"line":77,"column":14}},"loc":{"start":{"line":77,"column":62},"end":{"line":79,"column":3}}},"9":{"name":"(anonymous_9)","decl":{"start":{"line":83,"column":2},"end":{"line":83,"column":14}},"loc":{"start":{"line":83,"column":62},"end":{"line":85,"column":3}}},"10":{"name":"(anonymous_10)","decl":{"start":{"line":89,"column":2},"end":{"line":89,"column":14}},"loc":{"start":{"line":89,"column":62},"end":{"line":91,"column":3}}},"11":{"name":"(anonymous_11)","decl":{"start":{"line":95,"column":2},"end":{"line":95,"column":14}},"loc":{"start":{"line":95,"column":62},"end":{"line":97,"column":3}}},"12":{"name":"(anonymous_12)","decl":{"start":{"line":101,"column":2},"end":{"line":101,"column":14}},"loc":{"start":{"line":101,"column":68},"end":{"line":108,"column":3}}},"13":{"name":"(anonymous_13)","decl":{"start":{"line":112,"column":2},"end":{"line":112,"column":14}},"loc":{"start":{"line":112,"column":68},"end":{"line":119,"column":3}}}},"branchMap":{"0":{"loc":{"start":{"line":21,"column":19},"end":{"line":21,"column":39}},"type":"binary-expr","locations":[{"start":{"line":21,"column":19},"end":{"line":21,"column":26}},{"start":{"line":21,"column":30},"end":{"line":21,"column":39}}]},"1":{"loc":{"start":{"line":22,"column":16},"end":{"line":22,"column":36}},"type":"binary-expr","locations":[{"start":{"line":22,"column":16},"end":{"line":22,"column":20}},{"start":{"line":22,"column":24},"end":{"line":22,"column":36}}]},"2":{"loc":{"start":{"line":55,"column":14},"end":{"line":55,"column":68}},"type":"default-arg","locations":[{"start":{"line":55,"column":66},"end":{"line":55,"column":68}}]},"3":{"loc":{"start":{"line":58,"column":11},"end":{"line":58,"column":41}},"type":"binary-expr","locations":[{"start":{"line":58,"column":11},"end":{"line":58,"column":14}},{"start":{"line":58,"column":18},"end":{"line":58,"column":41}}]},"4":{"loc":{"start":{"line":66,"column":14},"end":{"line":66,"column":68}},"type":"default-arg","locations":[{"start":{"line":66,"column":66},"end":{"line":66,"column":68}}]},"5":{"loc":{"start":{"line":69,"column":11},"end":{"line":69,"column":41}},"type":"binary-expr","locations":[{"start":{"line":69,"column":11},"end":{"line":69,"column":14}},{"start":{"line":69,"column":18},"end":{"line":69,"column":41}}]},"6":{"loc":{"start":{"line":101,"column":14},"end":{"line":101,"column":68}},"type":"default-arg","locations":[{"start":{"line":101,"column":66},"end":{"line":101,"column":68}}]},"7":{"loc":{"start":{"line":104,"column":11},"end":{"line":104,"column":41}},"type":"binary-expr","locations":[{"start":{"line":104,"column":11},"end":{"line":104,"column":14}},{"start":{"line":104,"column":18},"end":{"line":104,"column":41}}]},"8":{"loc":{"start":{"line":112,"column":14},"end":{"line":112,"column":68}},"type":"default-arg","locations":[{"start":{"line":112,"column":66},"end":{"line":112,"column":68}}]},"9":{"loc":{"start":{"line":115,"column":11},"end":{"line":115,"column":41}},"type":"binary-expr","locations":[{"start":{"line":115,"column":11},"end":{"line":115,"column":14}},{"start":{"line":115,"column":18},"end":{"line":115,"column":41}}]}},"s":{"0":7,"1":7,"2":7,"3":7,"4":7,"5":2,"6":3,"7":2,"8":3,"9":0,"10":3,"11":0,"12":3,"13":0,"14":3,"15":0,"16":3,"17":0,"18":3,"19":0,"20":3,"21":0,"22":3,"23":0,"24":3,"25":3,"26":3,"27":2,"28":3,"29":0,"30":3},"f":{"0":7,"1":2,"2":2,"3":0,"4":0,"5":0,"6":0,"7":0,"8":0,"9":0,"10":0,"11":3,"12":2,"13":0},"b":{"0":[7,0],"1":[7,0],"2":[0],"3":[0,0],"4":[0],"5":[0,0],"6":[0],"7":[2,0],"8":[0],"9":[0,0]}}
}
