TN:
SF:src\app.ts
FN:22,(anonymous_1)
FNF:1
FNH:1
FNDA:7,(anonymous_1)
DA:1,3
DA:2,3
DA:3,3
DA:4,3
DA:5,3
DA:7,3
DA:8,3
DA:10,3
DA:11,3
DA:13,3
DA:19,3
DA:21,3
DA:28,7
DA:29,2
DA:32,7
DA:41,3
DA:43,3
LF:17
LH:17
BRDA:28,0,0,2
BRDA:33,1,0,7
BRDA:33,1,1,0
BRDA:33,2,0,7
BRDA:33,2,1,7
BRF:5
BRH:4
end_of_record
TN:
SF:src\logger.ts
FNF:0
FNH:0
DA:1,3
DA:3,3
DA:10,3
LF:3
LH:3
BRDA:5,0,0,0
BRDA:5,0,1,3
BRF:2
BRH:1
end_of_record
TN:
SF:src\controllers\login.controller.ts
FN:11,(anonymous_8)
FN:17,(anonymous_9)
FN:21,(anonymous_10)
FNF:3
FNH:3
FNDA:3,(anonymous_8)
FNDA:3,(anonymous_9)
FNDA:3,(anonymous_10)
DA:2,3
DA:4,3
DA:7,3
DA:12,3
DA:13,3
DA:14,3
DA:18,3
DA:22,3
DA:23,3
DA:25,3
DA:26,1
DA:31,2
DA:33,1
DA:34,1
DA:47,3
LF:15
LH:15
BRDA:25,0,0,1
BRDA:25,1,0,3
BRDA:25,1,1,3
BRDA:33,2,0,1
BRF:4
BRH:4
end_of_record
TN:
SF:src\controllers\playlist.controller.ts
FN:11,(anonymous_8)
FN:17,(anonymous_9)
FN:18,(anonymous_10)
FN:22,(anonymous_11)
FN:26,(anonymous_12)
FN:30,(anonymous_13)
FN:34,(anonymous_14)
FN:38,(anonymous_15)
FN:42,(anonymous_16)
FN:48,(anonymous_17)
FN:56,(anonymous_19)
FN:65,(anonymous_21)
FN:73,(anonymous_23)
FN:84,(anonymous_25)
FN:93,(anonymous_27)
FN:101,(anonymous_29)
FNF:16
FNH:12
FNDA:3,(anonymous_8)
FNDA:3,(anonymous_9)
FNDA:0,(anonymous_10)
FNDA:0,(anonymous_11)
FNDA:2,(anonymous_12)
FNDA:2,(anonymous_13)
FNDA:2,(anonymous_14)
FNDA:2,(anonymous_15)
FNDA:2,(anonymous_16)
FNDA:0,(anonymous_17)
FNDA:0,(anonymous_19)
FNDA:2,(anonymous_21)
FNDA:2,(anonymous_23)
FNDA:2,(anonymous_25)
FNDA:2,(anonymous_27)
FNDA:2,(anonymous_29)
DA:2,3
DA:4,3
DA:7,3
DA:12,3
DA:13,3
DA:14,3
DA:18,3
DA:19,0
DA:22,3
DA:23,0
DA:26,3
DA:27,2
DA:30,3
DA:31,2
DA:34,3
DA:35,2
DA:38,3
DA:39,2
DA:42,3
DA:43,2
DA:49,0
DA:50,0
DA:57,0
DA:59,0
DA:66,2
DA:68,1
DA:74,2
DA:75,1
DA:76,1
DA:78,1
DA:85,2
DA:87,1
DA:94,2
DA:96,1
DA:102,2
DA:104,1
DA:110,3
LF:37
LH:31
BRF:0
BRH:0
end_of_record
TN:
SF:src\controllers\test.controller.ts
FN:11,(anonymous_8)
FN:17,(anonymous_9)
FN:18,(anonymous_10)
FN:22,(anonymous_11)
FN:26,(anonymous_12)
FN:29,(anonymous_13)
FN:32,(anonymous_14)
FN:35,(anonymous_15)
FN:40,(anonymous_16)
FN:49,(anonymous_18)
FN:58,(anonymous_20)
FN:67,(anonymous_22)
FN:76,(anonymous_24)
FN:88,(anonymous_26)
FNF:14
FNH:2
FNDA:3,(anonymous_8)
FNDA:3,(anonymous_9)
FNDA:0,(anonymous_10)
FNDA:0,(anonymous_11)
FNDA:0,(anonymous_12)
FNDA:0,(anonymous_13)
FNDA:0,(anonymous_14)
FNDA:0,(anonymous_15)
FNDA:0,(anonymous_16)
FNDA:0,(anonymous_18)
FNDA:0,(anonymous_20)
FNDA:0,(anonymous_22)
FNDA:0,(anonymous_24)
FNDA:0,(anonymous_26)
DA:2,3
DA:4,3
DA:7,3
DA:12,3
DA:13,3
DA:14,3
DA:18,3
DA:19,0
DA:22,3
DA:23,0
DA:26,3
DA:27,0
DA:29,3
DA:30,0
DA:32,3
DA:33,0
DA:35,3
DA:36,0
DA:41,0
DA:43,0
DA:50,0
DA:52,0
DA:59,0
DA:61,0
DA:68,0
DA:70,0
DA:77,0
DA:82,0
DA:89,0
DA:91,0
DA:97,3
LF:31
LH:13
BRF:0
BRH:0
end_of_record
TN:
SF:src\controllers\user.controller.ts
FN:11,(anonymous_8)
FN:17,(anonymous_9)
FN:25,(anonymous_10)
FN:34,(anonymous_12)
FN:41,(anonymous_14)
FN:48,(anonymous_16)
FN:55,(anonymous_18)
FNF:7
FNH:5
FNDA:3,(anonymous_8)
FNDA:3,(anonymous_9)
FNDA:0,(anonymous_10)
FNDA:0,(anonymous_12)
FNDA:2,(anonymous_14)
FNDA:1,(anonymous_16)
FNDA:1,(anonymous_18)
DA:2,3
DA:4,3
DA:7,3
DA:12,3
DA:13,3
DA:14,3
DA:18,3
DA:19,3
DA:20,3
DA:21,3
DA:22,3
DA:26,0
DA:28,0
DA:35,0
DA:36,0
DA:42,2
DA:43,1
DA:49,1
DA:50,1
DA:56,1
DA:57,1
DA:63,3
LF:22
LH:18
BRF:0
BRH:0
end_of_record
TN:
SF:src\database\index.ts
FN:7,(anonymous_1)
FN:11,(anonymous_2)
FN:18,(anonymous_3)
FN:22,(anonymous_4)
FNF:4
FNH:4
FNDA:20,(anonymous_1)
FNDA:15,(anonymous_2)
FNDA:17,(anonymous_3)
FNDA:3,(anonymous_4)
DA:1,3
DA:3,3
DA:8,20
DA:12,15
DA:13,3
DA:15,15
DA:19,17
DA:23,3
LF:8
LH:8
BRDA:12,0,0,3
BRF:1
BRH:1
end_of_record
TN:
SF:src\di\index.ts
FNF:0
FNH:0
DA:1,3
DA:2,3
DA:3,3
DA:5,3
DA:6,3
DA:8,3
DA:9,3
DA:10,3
DA:11,3
DA:13,3
DA:16,3
DA:17,3
DA:18,3
DA:27,3
DA:28,3
DA:35,3
DA:42,3
DA:43,3
LF:18
LH:18
BRF:0
BRH:0
end_of_record
TN:
SF:src\di\injector.ts
FN:1,(anonymous_0)
FN:5,(anonymous_1)
FN:12,(anonymous_2)
FN:16,(anonymous_3)
FN:23,(anonymous_4)
FNF:5
FNH:5
FNDA:3,(anonymous_0)
FNDA:12,(anonymous_1)
FNDA:12,(anonymous_2)
FNDA:12,(anonymous_3)
FNDA:32,(anonymous_4)
DA:1,3
DA:2,3
DA:3,3
DA:9,12
DA:13,12
DA:20,12
DA:24,32
LF:7
LH:7
BRF:0
BRH:0
end_of_record
TN:
SF:src\entities\base.entity.ts
FN:4,(anonymous_0)
FNF:1
FNH:1
FNDA:16,(anonymous_0)
DA:1,3
DA:5,16
LF:2
LH:2
BRF:0
BRH:0
end_of_record
TN:
SF:src\entities\login.entity.ts
FN:5,(anonymous_0)
FNF:1
FNH:1
FNDA:3,(anonymous_0)
DA:1,3
DA:6,3
DA:7,3
LF:3
LH:3
BRDA:6,0,0,3
BRDA:6,0,1,0
BRDA:7,1,0,3
BRDA:7,1,1,1
BRF:4
BRH:3
end_of_record
TN:
SF:src\entities\playlist.entity.ts
FN:9,(anonymous_1)
FNF:1
FNH:1
FNDA:9,(anonymous_1)
DA:1,3
DA:10,9
DA:11,9
DA:12,9
DA:13,9
DA:14,9
DA:19,3
LF:7
LH:7
BRDA:10,0,0,9
BRDA:10,0,1,3
BRDA:11,1,0,9
BRDA:11,1,1,1
BRDA:12,2,0,9
BRDA:12,2,1,7
BRDA:13,3,0,9
BRDA:13,3,1,6
BRDA:14,4,0,9
BRDA:14,4,1,9
BRF:10
BRH:10
end_of_record
TN:
SF:src\entities\test.entity.ts
FN:6,(anonymous_1)
FNF:1
FNH:1
FNDA:3,(anonymous_1)
DA:1,3
DA:3,3
DA:7,3
DA:8,3
LF:4
LH:4
BRDA:7,0,0,3
BRDA:7,0,1,0
BRF:2
BRH:1
end_of_record
TN:
SF:src\entities\user.entity.ts
FN:8,(anonymous_1)
FNF:1
FNH:1
FNDA:4,(anonymous_1)
DA:1,3
DA:3,3
DA:9,4
DA:10,4
DA:11,4
DA:12,4
LF:6
LH:6
BRDA:9,0,0,4
BRDA:9,0,1,4
BRDA:10,1,0,4
BRDA:10,1,1,0
BRDA:11,2,0,4
BRDA:11,2,1,0
BRDA:12,3,0,4
BRDA:12,3,1,0
BRF:8
BRH:5
end_of_record
TN:
SF:src\models\base.model.ts
FN:4,(anonymous_0)
FNF:1
FNH:1
FNDA:3,(anonymous_0)
DA:1,3
DA:5,3
LF:2
LH:2
BRF:0
BRH:0
end_of_record
TN:
SF:src\models\login.model.ts
FN:5,(anonymous_0)
FNF:1
FNH:1
FNDA:1,(anonymous_0)
DA:1,3
DA:6,1
DA:7,1
LF:3
LH:3
BRDA:6,0,0,1
BRDA:6,0,1,0
BRDA:7,1,0,1
BRDA:7,1,1,0
BRF:4
BRH:2
end_of_record
TN:
SF:src\models\playlist.model.ts
FN:9,(anonymous_1)
FNF:1
FNH:1
FNDA:3,(anonymous_1)
DA:1,3
DA:22,3
DA:23,3
DA:24,3
DA:25,3
DA:26,3
DA:30,3
LF:7
LH:7
BRF:0
BRH:0
end_of_record
TN:
SF:src\models\test.model.ts
FN:6,(anonymous_1)
FNF:1
FNH:0
FNDA:0,(anonymous_1)
DA:1,3
DA:3,3
DA:7,0
DA:8,0
LF:4
LH:2
BRDA:7,0,0,0
BRDA:7,0,1,0
BRF:2
BRH:0
end_of_record
TN:
SF:src\models\user.model.ts
FN:8,(anonymous_1)
FNF:1
FNH:0
FNDA:0,(anonymous_1)
DA:1,3
DA:3,3
DA:9,0
DA:10,0
DA:11,0
DA:12,0
LF:6
LH:2
BRDA:9,0,0,0
BRDA:9,0,1,0
BRDA:10,1,0,0
BRDA:10,1,1,0
BRDA:11,2,0,0
BRDA:11,2,1,0
BRDA:12,3,0,0
BRDA:12,3,1,0
BRF:8
BRH:0
end_of_record
TN:
SF:src\repositories\base.repository.ts
FN:12,(anonymous_8)
FN:17,(anonymous_9)
FN:33,(anonymous_11)
FN:53,(anonymous_13)
FN:64,(anonymous_15)
FN:77,(anonymous_17)
FNF:6
FNH:6
FNDA:12,(anonymous_8)
FNDA:9,(anonymous_9)
FNDA:4,(anonymous_11)
FNDA:14,(anonymous_13)
FNDA:14,(anonymous_15)
FNDA:3,(anonymous_17)
DA:1,3
DA:3,3
DA:4,3
DA:8,3
DA:13,12
DA:14,12
DA:18,9
DA:19,9
DA:20,3
DA:22,9
DA:26,9
DA:27,9
DA:29,0
DA:37,4
DA:38,4
DA:39,0
DA:41,4
DA:42,4
DA:43,4
DA:44,4
DA:45,4
DA:47,0
DA:49,0
DA:54,14
DA:55,14
DA:56,3
DA:58,11
DA:60,0
DA:65,14
DA:66,14
DA:67,0
DA:69,14
DA:73,0
DA:78,3
DA:79,3
DA:80,0
DA:83,3
DA:85,0
LF:38
LH:29
BRDA:19,0,0,3
BRDA:24,1,0,9
BRDA:24,1,1,3
BRDA:38,2,0,0
BRDA:42,3,0,4
BRDA:55,4,0,3
BRDA:58,5,0,11
BRDA:58,5,1,1
BRDA:66,6,0,0
BRDA:69,7,0,0
BRDA:69,7,1,14
BRDA:79,8,0,0
BRF:12
BRH:8
end_of_record
TN:
SF:src\repositories\other.repository.ts
FN:5,(anonymous_8)
FN:9,(anonymous_9)
FNF:2
FNH:1
FNDA:3,(anonymous_8)
FNDA:0,(anonymous_9)
DA:2,3
DA:6,3
DA:10,0
DA:14,3
LF:4
LH:3
BRF:0
BRH:0
end_of_record
TN:
SF:src\repositories\playlist.repository.ts
FN:6,(anonymous_8)
FN:10,(anonymous_9)
FN:18,(anonymous_11)
FN:21,(anonymous_13)
FN:29,(anonymous_14)
FN:34,(anonymous_16)
FN:41,(anonymous_17)
FN:43,(anonymous_19)
FN:53,(anonymous_20)
FN:63,(anonymous_22)
FN:69,(anonymous_24)
FN:79,(anonymous_25)
FNF:12
FNH:11
FNDA:3,(anonymous_8)
FNDA:0,(anonymous_9)
FNDA:14,(anonymous_11)
FNDA:25,(anonymous_13)
FNDA:2,(anonymous_14)
FNDA:4,(anonymous_16)
FNDA:3,(anonymous_17)
FNDA:6,(anonymous_19)
FNDA:7,(anonymous_20)
FNDA:1,(anonymous_22)
FNDA:1,(anonymous_24)
FNDA:1,(anonymous_25)
DA:2,3
DA:3,3
DA:7,3
DA:11,0
DA:12,0
DA:14,0
DA:19,14
DA:20,14
DA:21,25
DA:23,14
DA:25,0
DA:30,2
DA:31,2
DA:33,2
DA:34,4
DA:37,0
DA:42,3
DA:43,6
DA:44,3
DA:45,0
DA:47,3
DA:49,0
DA:54,7
DA:55,7
DA:57,7
DA:59,0
DA:64,1
DA:65,1
DA:66,1
DA:67,1
DA:69,1
DA:71,1
DA:73,1
DA:75,0
DA:80,1
DA:81,1
DA:82,1
DA:83,1
DA:87,1
DA:89,1
DA:91,0
DA:96,3
LF:42
LH:32
BRDA:33,0,0,2
BRDA:44,1,0,0
BRDA:66,2,0,1
BRDA:82,3,0,1
BRF:4
BRH:3
end_of_record
TN:
SF:src\repositories\test.repository.ts
FN:5,(anonymous_8)
FN:9,(anonymous_9)
FN:13,(anonymous_11)
FN:14,(anonymous_13)
FN:17,(anonymous_14)
FN:21,(anonymous_16)
FN:25,(anonymous_18)
FN:28,(anonymous_19)
FN:29,(anonymous_21)
FNF:9
FNH:1
FNDA:3,(anonymous_8)
FNDA:0,(anonymous_9)
FNDA:0,(anonymous_11)
FNDA:0,(anonymous_13)
FNDA:0,(anonymous_14)
FNDA:0,(anonymous_16)
FNDA:0,(anonymous_18)
FNDA:0,(anonymous_19)
FNDA:0,(anonymous_21)
DA:2,3
DA:6,3
DA:10,0
DA:14,0
DA:18,0
DA:25,0
DA:29,0
DA:33,3
LF:8
LH:3
BRF:0
BRH:0
end_of_record
TN:
SF:src\repositories\user.repository.ts
FN:5,(anonymous_8)
FN:9,(anonymous_9)
FN:14,(anonymous_11)
FN:16,(anonymous_13)
FN:19,(anonymous_14)
FN:21,(anonymous_16)
FN:24,(anonymous_17)
FN:29,(anonymous_19)
FN:31,(anonymous_21)
FN:34,(anonymous_22)
FN:36,(anonymous_24)
FNF:11
FNH:8
FNDA:3,(anonymous_8)
FNDA:0,(anonymous_9)
FNDA:0,(anonymous_11)
FNDA:0,(anonymous_13)
FNDA:14,(anonymous_14)
FNDA:10,(anonymous_16)
FNDA:2,(anonymous_17)
FNDA:1,(anonymous_19)
FNDA:1,(anonymous_21)
FNDA:1,(anonymous_22)
FNDA:1,(anonymous_24)
DA:1,3
DA:6,3
DA:11,0
DA:16,0
DA:21,14
DA:26,2
DA:31,1
DA:36,1
DA:40,3
LF:9
LH:7
BRF:0
BRH:0
end_of_record
TN:
SF:src\routes\index.ts
FN:17,(anonymous_1)
FNF:1
FNH:1
FNDA:3,(anonymous_1)
DA:1,3
DA:2,3
DA:3,3
DA:4,3
DA:5,3
DA:6,3
DA:7,3
DA:8,3
DA:10,3
DA:11,3
DA:14,3
DA:15,3
DA:17,3
DA:18,3
DA:22,3
DA:26,3
DA:31,3
LF:17
LH:17
BRF:0
BRH:0
end_of_record
TN:
SF:src\services\login.service.ts
FN:13,(anonymous_8)
FN:17,(anonymous_9)
FNF:2
FNH:2
FNDA:3,(anonymous_8)
FNDA:2,(anonymous_9)
DA:1,3
DA:3,3
DA:6,3
DA:7,3
DA:14,3
DA:18,2
DA:19,2
DA:20,0
DA:25,2
DA:26,1
DA:31,1
DA:37,3
LF:12
LH:11
BRDA:19,0,0,0
BRDA:25,1,0,1
BRF:2
BRH:1
end_of_record
TN:
SF:src\services\playlist.service.ts
FN:19,(anonymous_8)
FN:23,(anonymous_9)
FN:26,(anonymous_11)
FN:31,(anonymous_12)
FN:46,(anonymous_14)
FN:61,(anonymous_16)
FN:76,(anonymous_18)
FN:99,(anonymous_20)
FN:125,(anonymous_22)
FNF:9
FNH:7
FNDA:3,(anonymous_8)
FNDA:0,(anonymous_9)
FNDA:0,(anonymous_11)
FNDA:2,(anonymous_12)
FNDA:2,(anonymous_14)
FNDA:1,(anonymous_16)
FNDA:2,(anonymous_18)
FNDA:2,(anonymous_20)
FNDA:2,(anonymous_22)
DA:1,3
DA:3,3
DA:7,3
DA:8,3
DA:9,3
DA:10,3
DA:11,3
DA:12,3
DA:20,3
DA:24,0
DA:26,0
DA:28,0
DA:32,2
DA:34,2
DA:35,1
DA:41,1
DA:43,1
DA:48,2
DA:50,2
DA:51,1
DA:57,1
DA:62,1
DA:64,1
DA:65,0
DA:71,1
DA:73,1
DA:78,2
DA:79,1
DA:85,1
DA:87,1
DA:88,0
DA:94,1
DA:96,1
DA:100,2
DA:102,2
DA:103,0
DA:108,2
DA:109,1
DA:115,1
DA:116,0
DA:122,1
DA:126,2
DA:127,2
DA:128,0
DA:133,2
DA:134,1
DA:140,1
DA:141,0
DA:147,1
DA:150,3
LF:50
LH:41
BRDA:34,0,0,1
BRDA:50,1,0,1
BRDA:64,2,0,0
BRDA:78,3,0,1
BRDA:87,4,0,0
BRDA:102,5,0,0
BRDA:108,6,0,1
BRDA:115,7,0,0
BRDA:127,8,0,0
BRDA:133,9,0,1
BRDA:140,10,0,0
BRF:11
BRH:5
end_of_record
TN:
SF:src\services\test.service.ts
FN:15,(anonymous_8)
FN:23,(anonymous_9)
FN:26,(anonymous_11)
FN:31,(anonymous_12)
FN:34,(anonymous_14)
FN:39,(anonymous_15)
FN:54,(anonymous_17)
FN:61,(anonymous_19)
FN:76,(anonymous_21)
FNF:9
FNH:1
FNDA:3,(anonymous_8)
FNDA:0,(anonymous_9)
FNDA:0,(anonymous_11)
FNDA:0,(anonymous_12)
FNDA:0,(anonymous_14)
FNDA:0,(anonymous_15)
FNDA:0,(anonymous_17)
FNDA:0,(anonymous_19)
FNDA:0,(anonymous_21)
DA:2,3
DA:5,3
DA:8,3
DA:19,3
DA:20,3
DA:24,0
DA:26,0
DA:28,0
DA:32,0
DA:34,0
DA:36,0
DA:40,0
DA:42,0
DA:43,0
DA:49,0
DA:51,0
DA:55,0
DA:56,0
DA:58,0
DA:62,0
DA:64,0
DA:65,0
DA:71,0
DA:73,0
DA:77,0
DA:81,3
LF:26
LH:6
BRDA:42,0,0,0
BRDA:64,1,0,0
BRF:2
BRH:0
end_of_record
TN:
SF:src\services\user.service.ts
FN:14,(anonymous_8)
FN:18,(anonymous_9)
FN:21,(anonymous_11)
FN:26,(anonymous_12)
FN:37,(anonymous_14)
FN:51,(anonymous_16)
FN:63,(anonymous_18)
FNF:7
FNH:4
FNDA:3,(anonymous_8)
FNDA:0,(anonymous_9)
FNDA:0,(anonymous_11)
FNDA:0,(anonymous_12)
FNDA:2,(anonymous_14)
FNDA:1,(anonymous_16)
FNDA:1,(anonymous_18)
DA:2,3
DA:4,3
DA:7,3
DA:8,3
DA:15,3
DA:19,0
DA:21,0
DA:23,0
DA:27,0
DA:28,0
DA:29,0
DA:34,0
DA:39,2
DA:40,2
DA:41,1
DA:47,1
DA:48,1
DA:52,1
DA:54,1
DA:55,0
DA:60,1
DA:64,1
DA:68,3
LF:23
LH:15
BRDA:28,0,0,0
BRDA:40,1,0,1
BRDA:54,2,0,0
BRF:3
BRH:1
end_of_record
TN:
SF:src\utils\result.ts
FN:8,(anonymous_0)
FN:22,(anonymous_1)
FN:30,(anonymous_2)
FN:45,(anonymous_3)
FN:51,(anonymous_4)
FN:63,(anonymous_5)
FNF:6
FNH:6
FNDA:17,(anonymous_0)
FNDA:9,(anonymous_1)
FNDA:9,(anonymous_2)
FNDA:9,(anonymous_3)
FNDA:8,(anonymous_4)
FNDA:8,(anonymous_5)
DA:3,3
DA:17,17
DA:18,17
DA:19,17
DA:23,9
DA:27,3
DA:41,9
DA:42,9
DA:46,9
DA:50,3
DA:60,8
DA:64,8
LF:12
LH:12
BRDA:23,0,0,0
BRDA:23,0,1,9
BRDA:23,1,0,9
BRDA:23,1,1,9
BRDA:41,2,0,9
BRDA:41,2,1,9
BRDA:41,3,0,9
BRDA:41,3,1,9
BRDA:60,4,0,8
BRDA:60,4,1,1
BRDA:60,5,0,8
BRDA:60,5,1,1
BRF:12
BRH:11
end_of_record
TN:
SF:src\utils\errors\http.error.ts
FN:7,(anonymous_0)
FN:25,(anonymous_1)
FN:31,(anonymous_2)
FN:37,(anonymous_3)
FN:43,(anonymous_4)
FN:49,(anonymous_5)
FN:55,(anonymous_6)
FN:66,(anonymous_7)
FN:77,(anonymous_8)
FN:83,(anonymous_9)
FN:89,(anonymous_10)
FN:95,(anonymous_11)
FN:101,(anonymous_12)
FN:112,(anonymous_13)
FNF:14
FNH:5
FNDA:7,(anonymous_0)
FNDA:2,(anonymous_1)
FNDA:2,(anonymous_2)
FNDA:0,(anonymous_3)
FNDA:0,(anonymous_4)
FNDA:0,(anonymous_5)
FNDA:0,(anonymous_6)
FNDA:0,(anonymous_7)
FNDA:0,(anonymous_8)
FNDA:0,(anonymous_9)
FNDA:0,(anonymous_10)
FNDA:3,(anonymous_11)
FNDA:2,(anonymous_12)
FNDA:0,(anonymous_13)
DA:1,3
DA:18,7
DA:19,7
DA:20,7
DA:21,7
DA:22,7
DA:26,2
DA:30,3
DA:32,2
DA:36,3
DA:38,0
DA:42,3
DA:44,0
DA:48,3
DA:50,0
DA:54,3
DA:56,0
DA:65,3
DA:67,0
DA:76,3
DA:78,0
DA:82,3
DA:84,0
DA:88,3
DA:90,0
DA:94,3
DA:96,3
DA:100,3
DA:102,2
DA:111,3
DA:113,0
LF:31
LH:22
BRDA:21,0,0,7
BRDA:21,0,1,0
BRDA:22,1,0,7
BRDA:22,1,1,0
BRDA:55,2,0,0
BRDA:58,3,0,0
BRDA:58,3,1,0
BRDA:66,4,0,0
BRDA:69,5,0,0
BRDA:69,5,1,0
BRDA:101,6,0,0
BRDA:104,7,0,2
BRDA:104,7,1,0
BRDA:112,8,0,0
BRDA:115,9,0,0
BRDA:115,9,1,0
BRF:16
BRH:3
end_of_record
